#
# A fatal error has been detected by the Java Runtime Environment:
#
#  SIGSEGV (0xb) at pc=0x00000001e932c57c, pid=444, tid=78343
#
# JRE version: Java(TM) SE Runtime Environment (8.0_60-b27) (build 1.8.0_60-b27)
# Java VM: Java HotSpot(TM) 64-Bit Server VM (25.60-b23 mixed mode bsd-amd64 compressed oops)
# Problematic frame:
# C  [libscsynth.dylib+0x557c]  _ZN12SC_UdpInPortC2EP5Worldi+0x1be
#
# Failed to write core dump. Core dumps have been disabled. To enable core dumping, try "ulimit -c unlimited" before starting Java again
#
# If you would like to submit a bug report, please visit:
#   http://bugreport.java.com/bugreport/crash.jsp
# The crash happened outside the Java Virtual Machine in native code.
# See problematic frame for where to report the bug.
#

---------------  T H R E A D  ---------------

Current thread (0x00007f968260b800):  JavaThread "Thread-4" daemon [_thread_in_native, id=78343, stack(0x00000001ea64d000,0x00000001ea74d000)]

siginfo: si_signo: 11 (SIGSEGV), si_code: 1 (SEGV_MAPERR), si_addr: 0x0000000000000160

Registers:
RAX=0x0000000000000000, RBX=0x0000000000000000, RCX=0x00000000ffffffff, RDX=0x0000000000000034
RSP=0x00000001ea74be00, RBP=0x00000001ea74be80, RSI=0x0000000000000000, RDI=0x00007fff79b482e0
R8 =0x0000000000000003, R9 =0x0000000000000000, R10=0x000000000000002c, R11=0x0000000000000206
R12=0x0000000000000004, R13=0x0000000000000002, R14=0x00007f9684afc000, R15=0x00000001eb715000
RIP=0x00000001e932c57c, EFLAGS=0x0000000000010202, ERR=0x0000000000000004
  TRAPNO=0x000000000000000e

Top of Stack: (sp=0x00000001ea74be00)
0x00000001ea74be00:   0000000000000000 00010000ea74be80
0x00000001ea74be10:   00000001ea74be30 00007fff93a8b27c
0x00000001ea74be20:   0000000000000000 0000000000010048
0x00000001ea74be30:   0000000a0000003f 000000028a7e728e
0x00000001ea74be40:   00007f9684afc000 0000000000000000
0x00000001ea74be50:   00000001ea74be80 00000001e934b614
0x00000001ea74be60:   0000000000000001 00000001ea74c5e8
0x00000001ea74be70:   00000001ea74be80 00000001e2f4ed1c
0x00000001ea74be80:   000000000000000a 00000001ea74c680
0x00000001ea74be90:   00000001ea74bf80 00000001e2f4e884
0x00000001ea74bea0:   ffffffffffffffff 00000000ffffffff
0x00000001ea74beb0:   000000010be96aa0 00000001ea74bf30
0x00000001ea74bec0:   00000001ea74c650 00000001ea74bf40
0x00000001ea74bed0:   00000001ea74bf30 00000001ea74bf44
0x00000001ea74bee0:   00000001ea74c4f0 00000001ea74c680
0x00000001ea74bef0:   00000001e934b5f0 00007f9681fdace0
0x00000001ea74bf00:   00000001ea74bdd0 00007f9681fd5540
0x00000001ea74bf10:   0000000000000002 0000000200000002
0x00000001ea74bf20:   00000001ea74bdd0 000000018260b800
0x00000001ea74bf30:   00007f9600000002 00007f9681ef0e40
0x00000001ea74bf40:   0000000100000000 62008253717e49d6
0x00000001ea74bf50:   00000001ea74bf80 00000001ea74c680
0x00000001ea74bf60:   00007f9681fdaab0 0000000000000000
0x00000001ea74bf70:   00007f9681fdace0 0000000000000001
0x00000001ea74bf80:   00000001ea74c4d0 00000001e2f48f5c
0x00000001ea74bf90:   0000000100000000 00007f9681fdae00
0x00000001ea74bfa0:   00000001ea74c4d0 00000001e2f48d55
0x00000001ea74bfb0:   0000000000000000 0000000000000000
0x00000001ea74bfc0:   00000001ea74c4d0 00000001e2f48d29
0x00000001ea74bfd0:   0000000000000000 0000000000000000
0x00000001ea74bfe0:   00000001ea74c1b0 000000010b9945a9
0x00000001ea74bff0:   00007f968260b800 00007f9681fdad00 

Instructions: (pc=0x00000001e932c57c)
0x00000001e932c55c:   24 3c 02 00 00 00 c7 44 24 30 3f 00 00 00 be 02
0x00000001e932c56c:   00 00 00 48 8d 54 24 30 4c 89 ff e8 5c 13 07 00
0x00000001e932c57c:   80 bb 60 01 00 00 00 74 15 49 8d 7e 30 31 f6 48
0x00000001e932c58c:   8d 15 3e ed ff ff 4c 89 f1 e8 08 13 07 00 48 83 

Register to memory mapping:

RAX=0x0000000000000000 is an unknown value
RBX=0x0000000000000000 is an unknown value
RCX=0x00000000ffffffff is an unknown value
RDX=0x0000000000000034 is an unknown value
RSP=0x00000001ea74be00 is pointing into the stack for thread: 0x00007f968260b800
RBP=0x00000001ea74be80 is pointing into the stack for thread: 0x00007f968260b800
RSI=0x0000000000000000 is an unknown value
RDI=0x00007fff79b482e0: _pthread_list_lock+0 in /usr/lib/system/libsystem_pthread.dylib at 0x00007fff8a065000
R8 =0x0000000000000003 is an unknown value
R9 =0x0000000000000000 is an unknown value
R10=0x000000000000002c is an unknown value
R11=0x0000000000000206 is an unknown value
R12=0x0000000000000004 is an unknown value
R13=0x0000000000000002 is an unknown value
R14=0x00007f9684afc000 is an unknown value
R15=0x00000001eb715000 is an unknown value


Stack: [0x00000001ea64d000,0x00000001ea74d000],  sp=0x00000001ea74be00,  free space=1019k
Native frames: (J=compiled Java code, j=interpreted, Vv=VM code, C=native code)
C  [libscsynth.dylib+0x557c]  _ZN12SC_UdpInPortC2EP5Worldi+0x1be
C  0x00000001ea74c680

Java frames: (J=compiled Java code, j=interpreted, Vv=VM code)
j  overtone.sc.machinery.server.native.lib_fdffd94c_2fbe_4363_ac36_ebf5fec81cbe.World_OpenUDP(Lcom/sun/jna/Pointer;I)I+0
j  overtone.sc.machinery.server.native$eval2796$fn__2797.invoke(Ljava/lang/Object;Ljava/lang/Object;)Ljava/lang/Object;+15
j  overtone.sc.machinery.server.native$scsynth_listen_udp.invoke(Ljava/lang/Object;Ljava/lang/Object;)Ljava/lang/Object;+55
j  overtone.sc.machinery.server.connection$internal_booter.invoke(Ljava/lang/Object;)Ljava/lang/Object;+201
j  overtone.sc.machinery.server.connection$boot_internal_server$fn__2889.invoke()Ljava/lang/Object;+13
j  clojure.lang.AFn.run()V+1
j  java.lang.Thread.run()V+11
v  ~StubRoutines::call_stub

---------------  P R O C E S S  ---------------

Java Threads: ( => current thread )
=>0x00007f968260b800 JavaThread "Thread-4" daemon [_thread_in_native, id=78343, stack(0x00000001ea64d000,0x00000001ea74d000)]
  0x00007f9684ff6000 JavaThread "pool-2-thread-4" [_thread_blocked, id=33543, stack(0x00000001eab0e000,0x00000001eac0e000)]
  0x00007f9684e23000 JavaThread "pool-2-thread-3" [_thread_blocked, id=21767, stack(0x00000001ea79d000,0x00000001ea89d000)]
  0x00007f9685e93000 JavaThread "pool-2-thread-2" [_thread_blocked, id=33287, stack(0x00000001ea4ab000,0x00000001ea5ab000)]
  0x00007f968531c000 JavaThread "pool-2-thread-1" [_thread_blocked, id=54279, stack(0x00000001ea3a8000,0x00000001ea4a8000)]
  0x00007f9682d41000 JavaThread "pool-3-thread-4" [_thread_blocked, id=53763, stack(0x00000001e921e000,0x00000001e931e000)]
  0x00007f9684c85800 JavaThread "pool-3-thread-3" [_thread_blocked, id=53251, stack(0x00000001e9bee000,0x00000001e9cee000)]
  0x00007f9685070000 JavaThread "pool-3-thread-2" [_thread_blocked, id=52739, stack(0x00000001e9aeb000,0x00000001e9beb000)]
  0x00007f9685075000 JavaThread "pool-3-thread-1" [_thread_blocked, id=52227, stack(0x00000001e942c000,0x00000001e952c000)]
  0x00007f96849e6800 JavaThread "clojure-agent-send-off-pool-0" [_thread_blocked, id=25111, stack(0x00000001e8f1b000,0x00000001e901b000)]
  0x00007f968267f800 JavaThread "Java2D Disposer" daemon [_thread_blocked, id=49667, stack(0x00000001e8a22000,0x00000001e8b22000)]
  0x00007f9682b82800 JavaThread "Java2D Queue Flusher" daemon [_thread_blocked, id=48391, stack(0x00000001e7e31000,0x00000001e7f31000)]
  0x00007f9682b4f000 JavaThread "AppKit Thread" daemon [_thread_in_native, id=8967, stack(0x00007fff53f36000,0x00007fff54736000)]
  0x00007f9682078000 JavaThread "Service Thread" daemon [_thread_blocked, id=18435, stack(0x00000001e2951000,0x00000001e2a51000)]
  0x00007f9682077000 JavaThread "C1 CompilerThread1" daemon [_thread_blocked, id=17923, stack(0x00000001e284e000,0x00000001e294e000)]
  0x00007f9682835800 JavaThread "C2 CompilerThread0" daemon [_thread_in_native, id=17411, stack(0x00000001e274b000,0x00000001e284b000)]
  0x00007f9682033000 JavaThread "Signal Dispatcher" daemon [_thread_blocked, id=16899, stack(0x00000001e2648000,0x00000001e2748000)]
  0x00007f968200b800 JavaThread "Finalizer" daemon [_thread_blocked, id=11523, stack(0x00000001e2407000,0x00000001e2507000)]
  0x00007f9682833000 JavaThread "Reference Handler" daemon [_thread_blocked, id=11011, stack(0x00000001e2304000,0x00000001e2404000)]
  0x00007f9682808000 JavaThread "main" [_thread_blocked, id=4871, stack(0x000000010c558000,0x000000010c658000)]

Other Threads:
  0x00007f9682830800 VMThread [stack: 0x00000001e2201000,0x00000001e2301000] [id=10499]
  0x00007f9682838800 WatcherThread [stack: 0x00000001e2a54000,0x00000001e2b54000] [id=18947]

VM state:not at safepoint (normal execution)

VM Mutex/Monitor currently owned by a thread: None

Heap:
 PSYoungGen      total 503808K, used 21542K [0x0000000171380000, 0x0000000191700000, 0x000000019be00000)
  eden space 494592K, 2% used [0x0000000171380000,0x0000000171fb7338,0x000000018f680000)
  from space 9216K, 98% used [0x0000000190e00000,0x00000001916d2510,0x0000000191700000)
  to   space 11264K, 0% used [0x0000000190100000,0x0000000190100000,0x0000000190c00000)
 ParOldGen       total 91648K, used 19692K [0x000000011be00000, 0x0000000121780000, 0x0000000171380000)
  object space 91648K, 21% used [0x000000011be00000,0x000000011d13b358,0x0000000121780000)
 Metaspace       used 38987K, capacity 51320K, committed 51496K, reserved 1087488K
  class space    used 9447K, capacity 13490K, committed 13608K, reserved 1048576K

Card table byte_map: [0x000000019be00000,0x000000019c201000] byte_map_base: 0x000000019b521000

Marking Bits: (ParMarkBitMap*) 0x000000010beace20
 Begin Bits: [0x000000019c5af000, 0x000000019e5af000)
 End Bits:   [0x000000019e5af000, 0x00000001a05af000)

Polling page: 0x000000010c69d000

CodeCache: size=245760Kb used=13533Kb max_used=13862Kb free=232226Kb
 bounds [0x000000010c6b0000, 0x000000010d4b0000, 0x000000011b6b0000]
 total_blobs=3769 nmethods=3276 adapters=408
 compilation: enabled

Compilation events (10 events):
Event: 18,490 Thread 0x00007f9682077000 3693       2       clojure.lang.BigInt::toBigInteger (20 bytes)
Event: 18,491 Thread 0x00007f9682077000 nmethod 3693 0x000000010c8b30d0 code [0x000000010c8b3240, 0x000000010c8b33c8]
Event: 18,491 Thread 0x00007f9682077000 3694       2       java.util.LinkedHashMap$LinkedHashIterator::nextNode (54 bytes)
Event: 18,492 Thread 0x00007f9682077000 nmethod 3694 0x000000010c98e910 code [0x000000010c98eaa0, 0x000000010c98ed78]
Event: 18,492 Thread 0x00007f9682077000 3695       1       java.lang.reflect.Field::getDeclaringClass (5 bytes)
Event: 18,492 Thread 0x00007f9682077000 nmethod 3695 0x000000010c969390 code [0x000000010c9694e0, 0x000000010c9695f0]
Event: 18,613 Thread 0x00007f9682835800 nmethod 3677 0x000000010d485a10 code [0x000000010d486640, 0x000000010d490cc8]
Event: 18,613 Thread 0x00007f9682835800 3684       4       clojure.core$filter$fn__4580::invoke (424 bytes)
Event: 18,801 Thread 0x00007f9682077000 3696       2       clojure.lang.Numbers$BigIntOps::combine (8 bytes)
Event: 18,802 Thread 0x00007f9682077000 nmethod 3696 0x000000010c985650 code [0x000000010c9857c0, 0x000000010c985948]

GC Heap History (10 events):
Event: 10,998 GC heap before
{Heap before GC invocations=14 (full 1):
 PSYoungGen      total 274944K, used 273597K [0x0000000171380000, 0x0000000182e00000, 0x000000019be00000)
  eden space 265216K, 100% used [0x0000000171380000,0x0000000181680000,0x0000000181680000)
  from space 9728K, 86% used [0x0000000182080000,0x00000001828af728,0x0000000182a00000)
  to   space 10240K, 0% used [0x0000000181680000,0x0000000181680000,0x0000000182080000)
 ParOldGen       total 57856K, used 8656K [0x000000011be00000, 0x000000011f680000, 0x0000000171380000)
  object space 57856K, 14% used [0x000000011be00000,0x000000011c674008,0x000000011f680000)
 Metaspace       used 28802K, capacity 34364K, committed 34688K, reserved 1075200K
  class space    used 6556K, capacity 8481K, committed 8576K, reserved 1048576K
Event: 11,029 GC heap after
Heap after GC invocations=14 (full 1):
 PSYoungGen      total 275456K, used 7792K [0x0000000171380000, 0x0000000189a80000, 0x000000019be00000)
  eden space 265216K, 0% used [0x0000000171380000,0x0000000171380000,0x0000000181680000)
  from space 10240K, 76% used [0x0000000181680000,0x0000000181e1c010,0x0000000182080000)
  to   space 10752K, 0% used [0x0000000189000000,0x0000000189000000,0x0000000189a80000)
 ParOldGen       total 57856K, used 12685K [0x000000011be00000, 0x000000011f680000, 0x0000000171380000)
  object space 57856K, 21% used [0x000000011be00000,0x000000011ca63750,0x000000011f680000)
 Metaspace       used 28802K, capacity 34364K, committed 34688K, reserved 1075200K
  class space    used 6556K, capacity 8481K, committed 8576K, reserved 1048576K
}
Event: 11,270 GC heap before
{Heap before GC invocations=15 (full 1):
 PSYoungGen      total 275456K, used 39772K [0x0000000171380000, 0x0000000189a80000, 0x000000019be00000)
  eden space 265216K, 12% used [0x0000000171380000,0x00000001732bb1f0,0x0000000181680000)
  from space 10240K, 76% used [0x0000000181680000,0x0000000181e1c010,0x0000000182080000)
  to   space 10752K, 0% used [0x0000000189000000,0x0000000189000000,0x0000000189a80000)
 ParOldGen       total 57856K, used 12685K [0x000000011be00000, 0x000000011f680000, 0x0000000171380000)
  object space 57856K, 21% used [0x000000011be00000,0x000000011ca63750,0x000000011f680000)
 Metaspace       used 29462K, capacity 35462K, committed 35496K, reserved 1075200K
  class space    used 6778K, capacity 8871K, committed 8872K, reserved 1048576K
Event: 11,291 GC heap after
Heap after GC invocations=15 (full 1):
 PSYoungGen      total 390144K, used 5856K [0x0000000171380000, 0x0000000189f00000, 0x000000019be00000)
  eden space 379392K, 0% used [0x0000000171380000,0x0000000171380000,0x0000000188600000)
  from space 10752K, 54% used [0x0000000189000000,0x00000001895b8000,0x0000000189a80000)
  to   space 10240K, 0% used [0x0000000188600000,0x0000000188600000,0x0000000189000000)
 ParOldGen       total 57856K, used 14939K [0x000000011be00000, 0x000000011f680000, 0x0000000171380000)
  object space 57856K, 25% used [0x000000011be00000,0x000000011cc96d68,0x000000011f680000)
 Metaspace       used 29462K, capacity 35462K, committed 35496K, reserved 1075200K
  class space    used 6778K, capacity 8871K, committed 8872K, reserved 1048576K
}
Event: 11,291 GC heap before
{Heap before GC invocations=16 (full 2):
 PSYoungGen      total 390144K, used 5856K [0x0000000171380000, 0x0000000189f00000, 0x000000019be00000)
  eden space 379392K, 0% used [0x0000000171380000,0x0000000171380000,0x0000000188600000)
  from space 10752K, 54% used [0x0000000189000000,0x00000001895b8000,0x0000000189a80000)
  to   space 10240K, 0% used [0x0000000188600000,0x0000000188600000,0x0000000189000000)
 ParOldGen       total 57856K, used 14939K [0x000000011be00000, 0x000000011f680000, 0x0000000171380000)
  object space 57856K, 25% used [0x000000011be00000,0x000000011cc96d68,0x000000011f680000)
 Metaspace       used 29462K, capacity 35462K, committed 35496K, reserved 1075200K
  class space    used 6778K, capacity 8871K, committed 8872K, reserved 1048576K
Event: 11,566 GC heap after
Heap after GC invocations=16 (full 2):
 PSYoungGen      total 390144K, used 0K [0x0000000171380000, 0x0000000189f00000, 0x000000019be00000)
  eden space 379392K, 0% used [0x0000000171380000,0x0000000171380000,0x0000000188600000)
  from space 10752K, 0% used [0x0000000189000000,0x0000000189000000,0x0000000189a80000)
  to   space 10240K, 0% used [0x0000000188600000,0x0000000188600000,0x0000000189000000)
 ParOldGen       total 91648K, used 19676K [0x000000011be00000, 0x0000000121780000, 0x0000000171380000)
  object space 91648K, 21% used [0x000000011be00000,0x000000011d137358,0x0000000121780000)
 Metaspace       used 29462K, capacity 35462K, committed 35496K, reserved 1075200K
  class space    used 6778K, capacity 8871K, committed 8872K, reserved 1048576K
}
Event: 13,626 GC heap before
{Heap before GC invocations=17 (full 2):
 PSYoungGen      total 390144K, used 379392K [0x0000000171380000, 0x0000000189f00000, 0x000000019be00000)
  eden space 379392K, 100% used [0x0000000171380000,0x0000000188600000,0x0000000188600000)
  from space 10752K, 0% used [0x0000000189000000,0x0000000189000000,0x0000000189a80000)
  to   space 10240K, 0% used [0x0000000188600000,0x0000000188600000,0x0000000189000000)
 ParOldGen       total 91648K, used 19676K [0x000000011be00000, 0x0000000121780000, 0x0000000171380000)
  object space 91648K, 21% used [0x000000011be00000,0x000000011d137358,0x0000000121780000)
 Metaspace       used 33012K, capacity 41284K, committed 41512K, reserved 1081344K
  class space    used 7706K, capacity 10421K, committed 10536K, reserved 1048576K
Event: 13,642 GC heap after
Heap after GC invocations=17 (full 2):
 PSYoungGen      total 389632K, used 3648K [0x0000000171380000, 0x0000000191800000, 0x000000019be00000)
  eden space 379392K, 0% used [0x0000000171380000,0x0000000171380000,0x0000000188600000)
  from space 10240K, 35% used [0x0000000188600000,0x0000000188990010,0x0000000189000000)
  to   space 10240K, 0% used [0x0000000190e00000,0x0000000190e00000,0x0000000191800000)
 ParOldGen       total 91648K, used 19684K [0x000000011be00000, 0x0000000121780000, 0x0000000171380000)
  object space 91648K, 21% used [0x000000011be00000,0x000000011d139358,0x0000000121780000)
 Metaspace       used 33012K, capacity 41284K, committed 41512K, reserved 1081344K
  class space    used 7706K, capacity 10421K, committed 10536K, reserved 1048576K
}
Event: 18,431 GC heap before
{Heap before GC invocations=18 (full 2):
 PSYoungGen      total 389632K, used 383040K [0x0000000171380000, 0x0000000191800000, 0x000000019be00000)
  eden space 379392K, 100% used [0x0000000171380000,0x0000000188600000,0x0000000188600000)
  from space 10240K, 35% used [0x0000000188600000,0x0000000188990010,0x0000000189000000)
  to   space 10240K, 0% used [0x0000000190e00000,0x0000000190e00000,0x0000000191800000)
 ParOldGen       total 91648K, used 19684K [0x000000011be00000, 0x0000000121780000, 0x0000000171380000)
  object space 91648K, 21% used [0x000000011be00000,0x000000011d139358,0x0000000121780000)
 Metaspace       used 38924K, capacity 51306K, committed 51496K, reserved 1087488K
  class space    used 9438K, capacity 13488K, committed 13608K, reserved 1048576K
Event: 18,458 GC heap after
Heap after GC invocations=18 (full 2):
 PSYoungGen      total 503808K, used 9033K [0x0000000171380000, 0x0000000191700000, 0x000000019be00000)
  eden space 494592K, 0% used [0x0000000171380000,0x0000000171380000,0x000000018f680000)
  from space 9216K, 98% used [0x0000000190e00000,0x00000001916d2510,0x0000000191700000)
  to   space 11264K, 0% used [0x0000000190100000,0x0000000190100000,0x0000000190c00000)
 ParOldGen       total 91648K, used 19692K [0x000000011be00000, 0x0000000121780000, 0x0000000171380000)
  object space 91648K, 21% used [0x000000011be00000,0x000000011d13b358,0x0000000121780000)
 Metaspace       used 38924K, capacity 51306K, committed 51496K, reserved 1087488K
  class space    used 9438K, capacity 13488K, committed 13608K, reserved 1048576K
}

Deoptimization events (10 events):
Event: 18,177 Thread 0x00007f9682808000 Uncommon trap: reason=unstable_if action=reinterpret pc=0x000000010cb51404 method=clojure.lang.RT.seqFrom(Ljava/lang/Object;)Lclojure/lang/ISeq; @ 27
Event: 18,178 Thread 0x00007f9682808000 Uncommon trap: reason=unstable_if action=reinterpret pc=0x000000010d402f94 method=clojure.lang.ChunkedCons.chunkedMore()Lclojure/lang/ISeq; @ 4
Event: 18,230 Thread 0x00007f9682808000 Uncommon trap: reason=unstable_if action=reinterpret pc=0x000000010d06f418 method=clojure.lang.Compiler.lookupVar(Lclojure/lang/Symbol;ZZ)Lclojure/lang/Var; @ 90
Event: 18,245 Thread 0x00007f9682808000 Uncommon trap: reason=bimorphic action=maybe_recompile pc=0x000000010d4286d0 method=clojure.lang.AFn.applyToHelper(Lclojure/lang/IFn;Lclojure/lang/ISeq;)Ljava/lang/Object; @ 3030
Event: 18,463 Thread 0x00007f9682808000 Uncommon trap: reason=class_check action=maybe_recompile pc=0x000000010d19117c method=clojure.lang.Numbers$LongOps.combine(Lclojure/lang/Numbers$Ops;)Lclojure/lang/Numbers$Ops; @ 2
Event: 18,463 Thread 0x00007f9682808000 Uncommon trap: reason=class_check action=maybe_recompile pc=0x000000010d0a38b0 method=clojure.lang.RT.longCast(Ljava/lang/Object;)J @ 8
Event: 18,464 Thread 0x00007f968260b800 Uncommon trap: reason=unstable_if action=reinterpret pc=0x000000010cffae04 method=clojure.lang.Var.popThreadBindings()V @ 31
Event: 18,467 Thread 0x00007f9682808000 Uncommon trap: reason=class_check action=maybe_recompile pc=0x000000010d19117c method=clojure.lang.Numbers$LongOps.combine(Lclojure/lang/Numbers$Ops;)Lclojure/lang/Numbers$Ops; @ 2
Event: 18,467 Thread 0x00007f9682808000 Uncommon trap: reason=class_check action=maybe_recompile pc=0x000000010d0a38b0 method=clojure.lang.RT.longCast(Ljava/lang/Object;)J @ 8
Event: 18,569 Thread 0x00007f9682808000 Uncommon trap: reason=class_check action=maybe_recompile pc=0x000000010d19117c method=clojure.lang.Numbers$LongOps.combine(Lclojure/lang/Numbers$Ops;)Lclojure/lang/Numbers$Ops; @ 2

Internal exceptions (10 events):
Event: 5,618 Thread 0x00007f9682808000 Implicit null exception at 0x000000010ccc55b1 to 0x000000010ccc5c45
Event: 5,828 Thread 0x00007f9682808000 Exception <a 'sun/nio/fs/UnixException'> (0x000000017292c488) thrown at [/Users/java_re/workspace/8-2-build-macosx-x86_64/jdk8u60/4407/hotspot/src/share/vm/prims/jni.cpp, line 709]
Event: 7,403 Thread 0x00007f9682808000 Implicit null exception at 0x000000010ca3cf0f to 0x000000010ca3dd9d
Event: 10,681 Thread 0x00007f9682808000 Implicit null exception at 0x000000010d224aa0 to 0x000000010d224b71
Event: 11,150 Thread 0x00007f9682808000 Implicit null exception at 0x000000010d0f41b3 to 0x000000010d0fa509
Event: 11,729 Thread 0x00007f9682808000 Implicit null exception at 0x000000010cba8ff1 to 0x000000010cbaad35
Event: 18,059 Thread 0x00007f9682808000 Implicit null exception at 0x000000010ce40447 to 0x000000010ce4046e
Event: 18,059 Thread 0x00007f9682808000 Exception <a 'java/lang/NullPointerException'> (0x0000000184b42478) thrown at [/Users/java_re/workspace/8-2-build-macosx-x86_64/jdk8u60/4407/hotspot/src/share/vm/runtime/sharedRuntime.cpp, line 605]
Event: 18,106 Thread 0x00007f9682808000 Implicit null exception at 0x000000010d2a5c90 to 0x000000010d2a5d75
Event: 18,178 Thread 0x00007f9682808000 Implicit null exception at 0x000000010d40279e to 0x000000010d402f89

Events (10 events):
Event: 18,475 loading class com/sun/jna/Memory$SharedMemory done
Event: 18,475 loading class com/sun/jna/WeakIdentityHashMap
Event: 18,475 loading class com/sun/jna/WeakIdentityHashMap done
Event: 18,490 loading class com/sun/jna/Structure$2$StructureSet
Event: 18,490 loading class com/sun/jna/Structure$2$StructureSet done
Event: 18,491 loading class com/sun/jna/NativeString
Event: 18,491 loading class com/sun/jna/NativeString done
Event: 18,569 Thread 0x00007f9682808000 Uncommon trap: trap_request=0xffffffde fr.pc=0x000000010d19117c
Event: 18,569 Thread 0x00007f9682808000 DEOPT PACKING pc=0x000000010d19117c sp=0x000000010c6549c0
Event: 18,569 Thread 0x00007f9682808000 DEOPT UNPACKING pc=0x000000010c6b4f69 sp=0x000000010c654970 mode 2


Dynamic libraries:
0x0000000009acf000 	/System/Library/Frameworks/Cocoa.framework/Versions/A/Cocoa
0x0000000009acf000 	/System/Library/Frameworks/Security.framework/Versions/A/Security
0x0000000009acf000 	/System/Library/Frameworks/ApplicationServices.framework/Versions/A/ApplicationServices
0x0000000009acf000 	/usr/lib/libz.1.dylib
0x0000000009acf000 	/usr/lib/libSystem.B.dylib
0x0000000009acf000 	/usr/lib/libobjc.A.dylib
0x0000000009acf000 	/System/Library/Frameworks/CoreFoundation.framework/Versions/A/CoreFoundation
0x0000000009acf000 	/System/Library/Frameworks/Foundation.framework/Versions/C/Foundation
0x0000000009acf000 	/System/Library/Frameworks/AppKit.framework/Versions/C/AppKit
0x0000000009acf000 	/System/Library/Frameworks/CoreData.framework/Versions/A/CoreData
0x0000000009acf000 	/System/Library/PrivateFrameworks/RemoteViewServices.framework/Versions/A/RemoteViewServices
0x0000000009acf000 	/System/Library/Frameworks/AudioToolbox.framework/Versions/A/AudioToolbox
0x0000000009acf000 	/System/Library/Frameworks/AudioUnit.framework/Versions/A/AudioUnit
0x0000000009acf000 	/System/Library/PrivateFrameworks/DataDetectorsCore.framework/Versions/A/DataDetectorsCore
0x0000000009acf000 	/System/Library/PrivateFrameworks/DesktopServicesPriv.framework/Versions/A/DesktopServicesPriv
0x0000000009acf000 	/System/Library/Frameworks/Carbon.framework/Versions/A/Frameworks/HIToolbox.framework/Versions/A/HIToolbox
0x0000000009acf000 	/System/Library/Frameworks/QuartzCore.framework/Versions/A/QuartzCore
0x0000000009acf000 	/System/Library/Frameworks/Carbon.framework/Versions/A/Frameworks/SpeechRecognition.framework/Versions/A/SpeechRecognition
0x0000000009acf000 	/usr/lib/libauto.dylib
0x0000000009acf000 	/usr/lib/libicucore.A.dylib
0x0000000009acf000 	/usr/lib/libxml2.2.dylib
0x0000000009acf000 	/System/Library/PrivateFrameworks/CoreUI.framework/Versions/A/CoreUI
0x0000000009acf000 	/System/Library/Frameworks/CoreAudio.framework/Versions/A/CoreAudio
0x0000000009acf000 	/System/Library/Frameworks/DiskArbitration.framework/Versions/A/DiskArbitration
0x0000000009acf000 	/usr/lib/liblangid.dylib
0x0000000009acf000 	/System/Library/PrivateFrameworks/MultitouchSupport.framework/Versions/A/MultitouchSupport
0x0000000009acf000 	/System/Library/Frameworks/IOKit.framework/Versions/A/IOKit
0x0000000009acf000 	/usr/lib/libDiagnosticMessagesClient.dylib
0x0000000009acf000 	/System/Library/Frameworks/CoreServices.framework/Versions/A/CoreServices
0x0000000009acf000 	/System/Library/PrivateFrameworks/PerformanceAnalysis.framework/Versions/A/PerformanceAnalysis
0x0000000009acf000 	/System/Library/PrivateFrameworks/GenerationalStorage.framework/Versions/A/GenerationalStorage
0x0000000009acf000 	/System/Library/Frameworks/OpenGL.framework/Versions/A/OpenGL
0x0000000009acf000 	/System/Library/PrivateFrameworks/Sharing.framework/Versions/A/Sharing
0x0000000009acf000 	/System/Library/Frameworks/ImageIO.framework/Versions/A/ImageIO
0x0000000009acf000 	/System/Library/Frameworks/CoreText.framework/Versions/A/CoreText
0x0000000009acf000 	/System/Library/Frameworks/CoreGraphics.framework/Versions/A/CoreGraphics
0x0000000009acf000 	/System/Library/PrivateFrameworks/Backup.framework/Versions/A/Backup
0x0000000009acf000 	/System/Library/Frameworks/CFNetwork.framework/Versions/A/CFNetwork
0x0000000009acf000 	/System/Library/Frameworks/SystemConfiguration.framework/Versions/A/SystemConfiguration
0x0000000009acf000 	/usr/lib/libCRFSuite.dylib
0x0000000009acf000 	/usr/lib/libc++.1.dylib
0x0000000009acf000 	/usr/lib/libc++abi.dylib
0x0000000009acf000 	/usr/lib/system/libcache.dylib
0x0000000009acf000 	/usr/lib/system/libcommonCrypto.dylib
0x0000000009acf000 	/usr/lib/system/libcompiler_rt.dylib
0x0000000009acf000 	/usr/lib/system/libcopyfile.dylib
0x0000000009acf000 	/usr/lib/system/libcorecrypto.dylib
0x0000000009acf000 	/usr/lib/system/libdispatch.dylib
0x0000000009acf000 	/usr/lib/system/libdyld.dylib
0x0000000009acf000 	/usr/lib/system/libkeymgr.dylib
0x0000000009acf000 	/usr/lib/system/liblaunch.dylib
0x0000000009acf000 	/usr/lib/system/libmacho.dylib
0x0000000009acf000 	/usr/lib/system/libquarantine.dylib
0x0000000009acf000 	/usr/lib/system/libremovefile.dylib
0x0000000009acf000 	/usr/lib/system/libsystem_asl.dylib
0x0000000009acf000 	/usr/lib/system/libsystem_blocks.dylib
0x0000000009acf000 	/usr/lib/system/libsystem_c.dylib
0x0000000009acf000 	/usr/lib/system/libsystem_configuration.dylib
0x0000000009acf000 	/usr/lib/system/libsystem_dnssd.dylib
0x0000000009acf000 	/usr/lib/system/libsystem_info.dylib
0x0000000009acf000 	/usr/lib/system/libsystem_kernel.dylib
0x0000000009acf000 	/usr/lib/system/libsystem_m.dylib
0x0000000009acf000 	/usr/lib/system/libsystem_malloc.dylib
0x0000000009acf000 	/usr/lib/system/libsystem_network.dylib
0x0000000009acf000 	/usr/lib/system/libsystem_notify.dylib
0x0000000009acf000 	/usr/lib/system/libsystem_platform.dylib
0x0000000009acf000 	/usr/lib/system/libsystem_pthread.dylib
0x0000000009acf000 	/usr/lib/system/libsystem_sandbox.dylib
0x0000000009acf000 	/usr/lib/system/libsystem_stats.dylib
0x0000000009acf000 	/usr/lib/system/libunc.dylib
0x0000000009acf000 	/usr/lib/system/libunwind.dylib
0x0000000009acf000 	/usr/lib/system/libxpc.dylib
0x0000000009acf000 	/usr/lib/libbsm.0.dylib
0x0000000009acf000 	/usr/lib/libsqlite3.dylib
0x0000000009acf000 	/usr/lib/libxar.1.dylib
0x0000000009acf000 	/usr/lib/libpam.2.dylib
0x0000000009acf000 	/usr/lib/libOpenScriptingUtil.dylib
0x0000000009acf000 	/usr/lib/libbz2.1.0.dylib
0x0000000009acf000 	/System/Library/Frameworks/CoreServices.framework/Versions/A/Frameworks/CarbonCore.framework/Versions/A/CarbonCore
0x0000000009acf000 	/System/Library/Frameworks/CoreServices.framework/Versions/A/Frameworks/Metadata.framework/Versions/A/Metadata
0x0000000009acf000 	/System/Library/Frameworks/CoreServices.framework/Versions/A/Frameworks/OSServices.framework/Versions/A/OSServices
0x0000000009acf000 	/System/Library/Frameworks/CoreServices.framework/Versions/A/Frameworks/SearchKit.framework/Versions/A/SearchKit
0x0000000009acf000 	/System/Library/Frameworks/CoreServices.framework/Versions/A/Frameworks/AE.framework/Versions/A/AE
0x0000000009acf000 	/System/Library/Frameworks/CoreServices.framework/Versions/A/Frameworks/LaunchServices.framework/Versions/A/LaunchServices
0x0000000009acf000 	/System/Library/Frameworks/CoreServices.framework/Versions/A/Frameworks/DictionaryServices.framework/Versions/A/DictionaryServices
0x0000000009acf000 	/System/Library/Frameworks/NetFS.framework/Versions/A/NetFS
0x0000000009acf000 	/usr/lib/system/libkxld.dylib
0x0000000009acf000 	/System/Library/PrivateFrameworks/NetAuth.framework/Versions/A/NetAuth
0x0000000009acf000 	/System/Library/PrivateFrameworks/TCC.framework/Versions/A/TCC
0x0000000009acf000 	/System/Library/Frameworks/OpenDirectory.framework/Versions/A/Frameworks/CFOpenDirectory.framework/Versions/A/CFOpenDirectory
0x0000000009acf000 	/System/Library/Frameworks/ServiceManagement.framework/Versions/A/ServiceManagement
0x0000000009acf000 	/usr/lib/libxslt.1.dylib
0x0000000009acf000 	/System/Library/Frameworks/Carbon.framework/Versions/A/Frameworks/Ink.framework/Versions/A/Ink
0x0000000009acf000 	/System/Library/Frameworks/ApplicationServices.framework/Versions/A/Frameworks/ATS.framework/Versions/A/ATS
0x0000000009acf000 	/System/Library/Frameworks/ApplicationServices.framework/Versions/A/Frameworks/ColorSync.framework/Versions/A/ColorSync
0x0000000009acf000 	/System/Library/Frameworks/ApplicationServices.framework/Versions/A/Frameworks/HIServices.framework/Versions/A/HIServices
0x0000000009acf000 	/System/Library/Frameworks/ApplicationServices.framework/Versions/A/Frameworks/LangAnalysis.framework/Versions/A/LangAnalysis
0x0000000009acf000 	/System/Library/Frameworks/ApplicationServices.framework/Versions/A/Frameworks/PrintCore.framework/Versions/A/PrintCore
0x0000000009acf000 	/System/Library/Frameworks/ApplicationServices.framework/Versions/A/Frameworks/QD.framework/Versions/A/QD
0x0000000009acf000 	/System/Library/Frameworks/ApplicationServices.framework/Versions/A/Frameworks/SpeechSynthesis.framework/Versions/A/SpeechSynthesis
0x0000000009acf000 	/System/Library/Frameworks/IOSurface.framework/Versions/A/IOSurface
0x0000000009acf000 	/System/Library/Frameworks/Accelerate.framework/Versions/A/Accelerate
0x0000000009acf000 	/System/Library/Frameworks/Accelerate.framework/Versions/A/Frameworks/vImage.framework/Versions/A/vImage
0x0000000009acf000 	/System/Library/Frameworks/Accelerate.framework/Versions/A/Frameworks/vecLib.framework/Versions/A/vecLib
0x0000000009acf000 	/System/Library/Frameworks/Accelerate.framework/Versions/A/Frameworks/vecLib.framework/Versions/A/libvDSP.dylib
0x0000000009acf000 	/System/Library/Frameworks/Accelerate.framework/Versions/A/Frameworks/vecLib.framework/Versions/A/libvMisc.dylib
0x0000000009acf000 	/System/Library/Frameworks/Accelerate.framework/Versions/A/Frameworks/vecLib.framework/Versions/A/libLAPACK.dylib
0x0000000009acf000 	/System/Library/Frameworks/Accelerate.framework/Versions/A/Frameworks/vecLib.framework/Versions/A/libBLAS.dylib
0x0000000009acf000 	/System/Library/Frameworks/ApplicationServices.framework/Versions/A/Frameworks/ATS.framework/Versions/A/Resources/libFontParser.dylib
0x0000000009acf000 	/System/Library/Frameworks/ApplicationServices.framework/Versions/A/Frameworks/ATS.framework/Versions/A/Resources/libFontRegistry.dylib
0x0000000009acf000 	/System/Library/Frameworks/ImageIO.framework/Versions/A/Resources/libJPEG.dylib
0x0000000009acf000 	/System/Library/Frameworks/ImageIO.framework/Versions/A/Resources/libTIFF.dylib
0x0000000009acf000 	/System/Library/Frameworks/ImageIO.framework/Versions/A/Resources/libPng.dylib
0x0000000009acf000 	/System/Library/Frameworks/ImageIO.framework/Versions/A/Resources/libGIF.dylib
0x0000000009acf000 	/System/Library/Frameworks/ImageIO.framework/Versions/A/Resources/libJP2.dylib
0x0000000009acf000 	/System/Library/Frameworks/ImageIO.framework/Versions/A/Resources/libRadiance.dylib
0x0000000009acf000 	/usr/lib/libcups.2.dylib
0x0000000009acf000 	/System/Library/Frameworks/Kerberos.framework/Versions/A/Kerberos
0x0000000009acf000 	/System/Library/Frameworks/GSS.framework/Versions/A/GSS
0x0000000009acf000 	/usr/lib/libresolv.9.dylib
0x0000000009acf000 	/usr/lib/libiconv.2.dylib
0x0000000009acf000 	/System/Library/PrivateFrameworks/Heimdal.framework/Versions/A/Heimdal
0x0000000009acf000 	/System/Library/PrivateFrameworks/TrustEvaluationAgent.framework/Versions/A/TrustEvaluationAgent
0x0000000009acf000 	/usr/lib/libheimdal-asn1.dylib
0x0000000009acf000 	/System/Library/Frameworks/OpenDirectory.framework/Versions/A/OpenDirectory
0x0000000009acf000 	/System/Library/PrivateFrameworks/CommonAuth.framework/Versions/A/CommonAuth
0x0000000009acf000 	/System/Library/Frameworks/SecurityFoundation.framework/Versions/A/SecurityFoundation
0x0000000009acf000 	/System/Library/PrivateFrameworks/Bom.framework/Versions/A/Bom
0x0000000009acf000 	/System/Library/Frameworks/CoreVideo.framework/Versions/A/CoreVideo
0x0000000009acf000 	/System/Library/Frameworks/QuartzCore.framework/Versions/A/Frameworks/CoreImage.framework/Versions/A/CoreImage
0x0000000009acf000 	/System/Library/Frameworks/QuartzCore.framework/Versions/A/Frameworks/ScalableUserInterface.framework/Versions/A/ScalableUserInterface
0x0000000009acf000 	/System/Library/Frameworks/OpenGL.framework/Versions/A/Libraries/libGLU.dylib
0x0000000009acf000 	/System/Library/Frameworks/OpenGL.framework/Versions/A/Libraries/libGFXShared.dylib
0x0000000009acf000 	/System/Library/Frameworks/OpenGL.framework/Versions/A/Libraries/libGL.dylib
0x0000000009acf000 	/System/Library/Frameworks/OpenGL.framework/Versions/A/Libraries/libGLImage.dylib
0x0000000009acf000 	/System/Library/Frameworks/OpenGL.framework/Versions/A/Libraries/libCVMSPluginSupport.dylib
0x0000000009acf000 	/System/Library/Frameworks/OpenGL.framework/Versions/A/Libraries/libCoreVMClient.dylib
0x0000000009acf000 	/System/Library/PrivateFrameworks/FaceCore.framework/Versions/A/FaceCore
0x0000000009acf000 	/System/Library/PrivateFrameworks/CrashReporterSupport.framework/Versions/A/CrashReporterSupport
0x0000000009acf000 	/System/Library/Frameworks/OpenCL.framework/Versions/A/OpenCL
0x0000000009acf000 	/System/Library/PrivateFrameworks/AppleFSCompression.framework/Versions/A/AppleFSCompression
0x0000000009acf000 	/System/Library/PrivateFrameworks/Ubiquity.framework/Versions/A/Ubiquity
0x0000000009acf000 	/System/Library/PrivateFrameworks/IconServices.framework/Versions/A/IconServices
0x0000000009acf000 	/System/Library/PrivateFrameworks/ChunkingLibrary.framework/Versions/A/ChunkingLibrary
0x0000000009acf000 	/System/Library/PrivateFrameworks/CoreSymbolication.framework/Versions/A/CoreSymbolication
0x0000000009acf000 	/System/Library/PrivateFrameworks/Symbolication.framework/Versions/A/Symbolication
0x0000000009acf000 	/System/Library/PrivateFrameworks/DebugSymbols.framework/Versions/A/DebugSymbols
0x0000000051216000 	/System/Library/CoreServices/Encodings/libCyrillicConverter.dylib
0x000000010b5ce000 	/Library/Java/JavaVirtualMachines/jdk1.8.0_60.jdk/Contents/Home/jre/lib/server/libjvm.dylib
0x0000000009acf000 	/usr/lib/libstdc++.6.dylib
0x000000010c65a000 	/Library/Java/JavaVirtualMachines/jdk1.8.0_60.jdk/Contents/Home/jre/lib/libverify.dylib
0x000000010c668000 	/Library/Java/JavaVirtualMachines/jdk1.8.0_60.jdk/Contents/Home/jre/lib/libjava.dylib
0x000000010c6a7000 	/Library/Java/JavaVirtualMachines/jdk1.8.0_60.jdk/Contents/Home/jre/lib/libzip.dylib
0x00000001e2509000 	/System/Library/Frameworks/JavaVM.framework/Frameworks/JavaRuntimeSupport.framework/JavaRuntimeSupport
0x00000001e2521000 	/System/Library/Frameworks/JavaVM.framework/Versions/A/Frameworks/JavaNativeFoundation.framework/Versions/A/JavaNativeFoundation
0x00000001e2535000 	/System/Library/Frameworks/JavaVM.framework/Versions/A/JavaVM
0x0000000009acf000 	/System/Library/Frameworks/Carbon.framework/Versions/A/Carbon
0x00000001e15f5000 	/System/Library/PrivateFrameworks/JavaLaunching.framework/Versions/A/JavaLaunching
0x0000000009acf000 	/System/Library/Frameworks/Carbon.framework/Versions/A/Frameworks/CommonPanels.framework/Versions/A/CommonPanels
0x0000000009acf000 	/System/Library/Frameworks/Carbon.framework/Versions/A/Frameworks/Help.framework/Versions/A/Help
0x0000000009acf000 	/System/Library/Frameworks/Carbon.framework/Versions/A/Frameworks/ImageCapture.framework/Versions/A/ImageCapture
0x0000000009acf000 	/System/Library/Frameworks/Carbon.framework/Versions/A/Frameworks/OpenScripting.framework/Versions/A/OpenScripting
0x0000000009acf000 	/System/Library/Frameworks/Carbon.framework/Versions/A/Frameworks/Print.framework/Versions/A/Print
0x0000000009acf000 	/System/Library/Frameworks/Carbon.framework/Versions/A/Frameworks/SecurityHI.framework/Versions/A/SecurityHI
0x00000001e2d07000 	/Library/Java/JavaVirtualMachines/jdk1.8.0_60.jdk/Contents/Home/jre/lib/libawt.dylib
0x00000001e32c9000 	/Library/Java/JavaVirtualMachines/jdk1.8.0_60.jdk/Contents/Home/jre/lib/./libmlib_image.dylib
0x00000001e3958000 	/Library/Java/JavaVirtualMachines/jdk1.8.0_60.jdk/Contents/Home/jre/lib/libawt_lwawt.dylib
0x00000001e2daf000 	/Library/Java/JavaVirtualMachines/jdk1.8.0_60.jdk/Contents/Home/jre/lib/./libosxapp.dylib
0x0000000009acf000 	/System/Library/Frameworks/ExceptionHandling.framework/Versions/A/ExceptionHandling
0x0000000009acf000 	/System/Library/PrivateFrameworks/CoreServicesInternal.framework/Versions/A/CoreServicesInternal
0x0000000009acf000 	/System/Library/PrivateFrameworks/Librarian.framework/Versions/A/Librarian
0x0000000009acf000 	/System/Library/Frameworks/CoreGraphics.framework/Versions/A/Resources/libCGCMS.A.dylib
0x0000000009acf000 	/System/Library/Frameworks/CoreGraphics.framework/Versions/A/Resources/libRIP.A.dylib
0x0000000009acf000 	/System/Library/Frameworks/CoreGraphics.framework/Versions/A/Resources/libCGXType.A.dylib
0x0000000009acf000 	/System/Library/PrivateFrameworks/FamilyControls.framework/Versions/A/FamilyControls
0x0000000009acf000 	/System/Library/PrivateFrameworks/CommerceKit.framework/Versions/A/Frameworks/CommerceCore.framework/Versions/A/CommerceCore
0x0000000009acf000 	/System/Library/PrivateFrameworks/SystemAdministration.framework/Versions/A/SystemAdministration
0x0000000009acf000 	/System/Library/Frameworks/DirectoryService.framework/Versions/A/DirectoryService
0x0000000009acf000 	/System/Library/PrivateFrameworks/DiskImages.framework/Versions/A/DiskImages
0x0000000009acf000 	/System/Library/PrivateFrameworks/LoginUIKit.framework/Versions/A/Frameworks/LoginUICore.framework/Versions/A/LoginUICore
0x0000000009acf000 	/usr/lib/libCoreStorage.dylib
0x0000000009acf000 	/usr/lib/libcsfde.dylib
0x0000000009acf000 	/usr/lib/libodfde.dylib
0x0000000009acf000 	/System/Library/Frameworks/DiscRecording.framework/Versions/A/DiscRecording
0x0000000009acf000 	/usr/lib/libcurl.4.dylib
0x0000000009acf000 	/System/Library/PrivateFrameworks/MediaKit.framework/Versions/A/MediaKit
0x0000000009acf000 	/System/Library/PrivateFrameworks/EFILogin.framework/Versions/A/EFILogin
0x0000000009acf000 	/usr/lib/libutil.dylib
0x0000000009acf000 	/System/Library/PrivateFrameworks/AOSNotification.framework/Versions/A/AOSNotification
0x0000000009acf000 	/System/Library/Frameworks/LDAP.framework/Versions/A/LDAP
0x0000000009acf000 	/usr/lib/libsasl2.2.dylib
0x0000000009acf000 	/usr/lib/libcrypto.0.9.8.dylib
0x0000000009acf000 	/usr/lib/libssl.0.9.8.dylib
0x00000001e3395000 	/Library/Java/JavaVirtualMachines/jdk1.8.0_60.jdk/Contents/Home/jre/lib/libfontmanager.dylib
0x0000000009acf000 	/System/Library/Frameworks/OpenGL.framework/Versions/A/Resources/GLEngine.bundle/GLEngine
0x0000000009acf000 	/System/Library/Frameworks/OpenGL.framework/Versions/A/Libraries/libGLProgrammability.dylib
0x0000000000000000 	/System/Library/Extensions/GeForceTeslaGLDriver.bundle/Contents/MacOS/GeForceTeslaGLDriver
0x00000001e7f33000 	/System/Library/Extensions/GeForceTeslaGLDriver.bundle/Contents/MacOS/libclh.dylib
0x00000001e2e71000 	/System/Library/PrivateFrameworks/GPUSupport.framework/Versions/A/Libraries/libGPUSupport.dylib
0x0000000009acf000 	/System/Library/Frameworks/OpenGL.framework/Versions/A/Resources/GLRendererFloat.bundle/GLRendererFloat
0x0000000009acf000 	/System/Library/Frameworks/OpenCL.framework/Versions/A/Libraries/libcldcpuengine.dylib
0x00000001e2c89000 	/Library/Java/JavaVirtualMachines/jdk1.8.0_60.jdk/Contents/Home/jre/lib/libnio.dylib
0x00000001e2de2000 	/Library/Java/JavaVirtualMachines/jdk1.8.0_60.jdk/Contents/Home/jre/lib/./libnet.dylib
0x00000001e2f42000 	/private/var/folders/45/mxkk2qgn7lz7bnrwfh02bmmw0000gn/T/jna/jna3904079060690879996.tmp
0x00000001e9327000 	/Users/reiinc/wavery/bleecks/target/base+system+user+dev/native/macosx/x86_64/libscsynth.dylib
0x00000001e25e4000 	/Library/Java/JavaVirtualMachines/jdk1.8.0_60.jdk/Contents/Home/jre/lib/libjsound.dylib
0x00000001e9ef0000 	/System/Library/Frameworks/CoreMIDI.framework/Versions/A/CoreMIDI
0x0000000009acf000 	/usr/lib/libexpat.1.dylib
0x00000001e2ca0000 	/System/Library/Extensions/AppleHDA.kext/Contents/PlugIns/AppleHDAHALPlugIn.bundle/Contents/MacOS/AppleHDAHALPlugIn
0x00000001e256a000 	/Library/Java/JavaVirtualMachines/jdk1.8.0_60.jdk/Contents/Home/jre/lib/libmanagement.dylib
0x00000001e2578000 	/Users/reiinc/wavery/bleecks/target/base+system+user+dev/native/macosx/x86_64/AmbisonicUGens.scx
0x00000001e259a000 	/Users/reiinc/wavery/bleecks/target/base+system+user+dev/native/macosx/x86_64/AtkUGens.scx
0x00000001e257e000 	/Users/reiinc/wavery/bleecks/target/base+system+user+dev/native/macosx/x86_64/AY_UGen.scx
0x00000001e25b3000 	/Users/reiinc/wavery/bleecks/target/base+system+user+dev/native/macosx/x86_64/BatPVUgens.scx
0x00000001e2620000 	/Users/reiinc/wavery/bleecks/target/base+system+user+dev/native/macosx/x86_64/BatUGens.scx
0x00000001e2625000 	/Users/reiinc/wavery/bleecks/target/base+system+user+dev/native/macosx/x86_64/BBCut2UGens.scx
0x00000001e262d000 	/Users/reiinc/wavery/bleecks/target/base+system+user+dev/native/macosx/x86_64/BerlachUGens.scx
0x00000001e263e000 	/Users/reiinc/wavery/bleecks/target/base+system+user+dev/native/macosx/x86_64/BetablockerUGens.scx
0x00000001e2bf4000 	/Users/reiinc/wavery/bleecks/target/base+system+user+dev/native/macosx/x86_64/BhobChaos.scx
0x00000001e2bff000 	/Users/reiinc/wavery/bleecks/target/base+system+user+dev/native/macosx/x86_64/BhobFFT.scx
0x00000001e2df9000 	/Users/reiinc/wavery/bleecks/target/base+system+user+dev/native/macosx/x86_64/BhobFilt.scx
0x00000001e2e0b000 	/Users/reiinc/wavery/bleecks/target/base+system+user+dev/native/macosx/x86_64/BhobGrain.scx
0x00000001e2e12000 	/Users/reiinc/wavery/bleecks/target/base+system+user+dev/native/macosx/x86_64/BhobNoise.scx
0x00000001e34e2000 	/Users/reiinc/wavery/bleecks/target/base+system+user+dev/native/macosx/x86_64/BinaryOpUGens.scx
0x00000001e2e1b000 	/Users/reiinc/wavery/bleecks/target/base+system+user+dev/native/macosx/x86_64/BlackrainUGens.scx
0x00000001e2f56000 	/Users/reiinc/wavery/bleecks/target/base+system+user+dev/native/macosx/x86_64/ChaosUGens.scx
0x00000001e2fde000 	/Users/reiinc/wavery/bleecks/target/base+system+user+dev/native/macosx/x86_64/Concat.scx
0x00000001e350b000 	/Users/reiinc/wavery/bleecks/target/base+system+user+dev/native/macosx/x86_64/DelayUGens.scx
0x00000001e316d000 	/Users/reiinc/wavery/bleecks/target/base+system+user+dev/native/macosx/x86_64/DemandUGens.scx
0x00000001eb0b2000 	/Users/reiinc/wavery/bleecks/target/base+system+user+dev/native/macosx/x86_64/DiskIO_UGens.scx
0x00000001e25bb000 	/Users/reiinc/wavery/bleecks/target/base+system+user+dev/native/macosx/x86_64/DistortionUGens.scx
0x00000001e32ab000 	/Users/reiinc/wavery/bleecks/target/base+system+user+dev/native/macosx/x86_64/DynNoiseUGens.scx
0x00000001e3536000 	/Users/reiinc/wavery/bleecks/target/base+system+user+dev/native/macosx/x86_64/FFT_UGens.scx
0x00000001e50c1000 	/Users/reiinc/wavery/bleecks/target/base+system+user+dev/native/macosx/x86_64/FilterUGens.scx
0x00000001e32b0000 	/Users/reiinc/wavery/bleecks/target/base+system+user+dev/native/macosx/x86_64/GendynUGens.scx
0x00000001e32b5000 	/Users/reiinc/wavery/bleecks/target/base+system+user+dev/native/macosx/x86_64/GlitchUGens.scx
0x00000001e50dd000 	/Users/reiinc/wavery/bleecks/target/base+system+user+dev/native/macosx/x86_64/GrainUGens.scx
0x00000001e32ba000 	/Users/reiinc/wavery/bleecks/target/base+system+user+dev/native/macosx/x86_64/IOUGens.scx
0x00000001e50f0000 	/Users/reiinc/wavery/bleecks/target/base+system+user+dev/native/macosx/x86_64/JoshAmbiUGens.scx
0x00000001e50fd000 	/Users/reiinc/wavery/bleecks/target/base+system+user+dev/native/macosx/x86_64/JoshGrainUGens.scx
0x00000001e5158000 	/Users/reiinc/wavery/bleecks/target/base+system+user+dev/native/macosx/x86_64/JoshPVUGens.scx
0x00000001e52c5000 	/Users/reiinc/wavery/bleecks/target/base+system+user+dev/native/macosx/x86_64/JoshUGens.scx
0x00000001e32c2000 	/Users/reiinc/wavery/bleecks/target/base+system+user+dev/native/macosx/x86_64/KeyboardUGens.scx
0x00000001e2e20000 	/Users/reiinc/wavery/bleecks/target/base+system+user+dev/native/macosx/x86_64/LadspaUGen.scx
0x00000001e52df000 	/Users/reiinc/wavery/bleecks/target/base+system+user+dev/native/macosx/x86_64/LFUGens.scx
0x00000001e5128000 	/Users/reiinc/wavery/bleecks/target/base+system+user+dev/native/macosx/x86_64/LoopBuf.scx
0x00000001e5175000 	/Users/reiinc/wavery/bleecks/target/base+system+user+dev/native/macosx/x86_64/MCLDBufferUGens.scx
0x00000001e52f2000 	/Users/reiinc/wavery/bleecks/target/base+system+user+dev/native/macosx/x86_64/MCLDCepstrumUGens.scx
0x00000001e517a000 	/Users/reiinc/wavery/bleecks/target/base+system+user+dev/native/macosx/x86_64/MCLDChaosUGens.scx
0x00000001e3178000 	/Users/reiinc/wavery/bleecks/target/base+system+user+dev/native/macosx/x86_64/MCLDDistortionUGens.scx
0x00000001e5352000 	/Users/reiinc/wavery/bleecks/target/base+system+user+dev/native/macosx/x86_64/MCLDFFTUGens.scx
0x00000001e5302000 	/Users/reiinc/wavery/bleecks/target/base+system+user+dev/native/macosx/x86_64/MCLDFilterUGens.scx
0x00000001e5367000 	/Users/reiinc/wavery/bleecks/target/base+system+user+dev/native/macosx/x86_64/MCLDGetenvUGen.scx
0x00000001e536b000 	/Users/reiinc/wavery/bleecks/target/base+system+user+dev/native/macosx/x86_64/MCLDOscUGens.scx
0x00000001e536f000 	/Users/reiinc/wavery/bleecks/target/base+system+user+dev/native/macosx/x86_64/MCLDPollUGens.scx
0x00000001e5373000 	/Users/reiinc/wavery/bleecks/target/base+system+user+dev/native/macosx/x86_64/MCLDSOMUGens.scx
0x00000001e5379000 	/Users/reiinc/wavery/bleecks/target/base+system+user+dev/native/macosx/x86_64/MCLDTreeUGens.scx
0x00000001e537e000 	/Users/reiinc/wavery/bleecks/target/base+system+user+dev/native/macosx/x86_64/MCLDTriggeredStatsUgens.scx
0x00000001ebecf000 	/Users/reiinc/wavery/bleecks/target/base+system+user+dev/native/macosx/x86_64/MdaUGens.scx
0x00000001e25bf000 	/Users/reiinc/wavery/bleecks/target/base+system+user+dev/native/macosx/x86_64/MembraneUGens.scx
0x00000001e3259000 	/Users/reiinc/wavery/bleecks/target/base+system+user+dev/native/macosx/x86_64/ML_UGens.scx
0x00000001e315c000 	/Users/reiinc/wavery/bleecks/target/base+system+user+dev/native/macosx/x86_64/MouseUGens.scx
0x00000001e3162000 	/Users/reiinc/wavery/bleecks/target/base+system+user+dev/native/macosx/x86_64/MulAddUGens.scx
0x00000001e328c000 	/Users/reiinc/wavery/bleecks/target/base+system+user+dev/native/macosx/x86_64/NCAnalysisUGens.scx
0x00000001e626d000 	/Users/reiinc/wavery/bleecks/target/base+system+user+dev/native/macosx/x86_64/NoiseUGens.scx
0x00000001e7e17000 	/Users/reiinc/wavery/bleecks/target/base+system+user+dev/native/macosx/x86_64/OscUGens.scx
0x00000001e7e27000 	/Users/reiinc/wavery/bleecks/target/base+system+user+dev/native/macosx/x86_64/PanUGens.scx
0x00000001e3169000 	/Users/reiinc/wavery/bleecks/target/base+system+user+dev/native/macosx/x86_64/PhysicalModelingUGens.scx
0x00000001e8ec2000 	/Users/reiinc/wavery/bleecks/target/base+system+user+dev/native/macosx/x86_64/PitchDetection.scx
0x00000001e8ec9000 	/Users/reiinc/wavery/bleecks/target/base+system+user+dev/native/macosx/x86_64/PV_ThirdParty.scx
0x00000001e8edd000 	/Users/reiinc/wavery/bleecks/target/base+system+user+dev/native/macosx/x86_64/ReverbUGens.scx
0x00000001e8ee5000 	/Users/reiinc/wavery/bleecks/target/base+system+user+dev/native/macosx/x86_64/RFWUGens.scx
0x00000001e8ee9000 	/Users/reiinc/wavery/bleecks/target/base+system+user+dev/native/macosx/x86_64/RMEQSuite.scx
0x00000001e8ef1000 	/Users/reiinc/wavery/bleecks/target/base+system+user+dev/native/macosx/x86_64/SLUGens.scx
0x00000001eaec4000 	/Users/reiinc/wavery/bleecks/target/base+system+user+dev/native/macosx/x86_64/StkUGens.scx
0x00000001e8f00000 	/Users/reiinc/wavery/bleecks/target/base+system+user+dev/native/macosx/x86_64/SummerUGens.scx
0x00000001e8f05000 	/Users/reiinc/wavery/bleecks/target/base+system+user+dev/native/macosx/x86_64/TagSystemUgens.scx
0x00000001e8f0b000 	/Users/reiinc/wavery/bleecks/target/base+system+user+dev/native/macosx/x86_64/TestUGens.scx
0x00000001e8f0f000 	/Users/reiinc/wavery/bleecks/target/base+system+user+dev/native/macosx/x86_64/TJUGens.scx
0x00000001e98d2000 	/Users/reiinc/wavery/bleecks/target/base+system+user+dev/native/macosx/x86_64/TriggerUGens.scx
0x00000001ea127000 	/Users/reiinc/wavery/bleecks/target/base+system+user+dev/native/macosx/x86_64/UnaryOpUGens.scx
0x00000001e98de000 	/Users/reiinc/wavery/bleecks/target/base+system+user+dev/native/macosx/x86_64/UnpackFFTUGens.scx
0x00000001e9320000 	/Users/reiinc/wavery/bleecks/target/base+system+user+dev/native/macosx/x86_64/VBAP.scx
0x00000001e95f5000 	/Users/reiinc/wavery/bleecks/target/base+system+user+dev/native/macosx/x86_64/VOSIM.scx

VM Arguments:
jvm_args: -Dfile.encoding=UTF-8 -Dclojure.compile.path=/Users/reiinc/wavery/bleecks/target/base+system+user+dev/classes -Dbleecks.version=0.1.0-SNAPSHOT -Dclojure.debug=false -Djava.library.path=/Users/reiinc/wavery/bleecks/target/base+system+user+dev/native/macosx/x86_64 
java_command: clojure.main -i /private/var/folders/45/mxkk2qgn7lz7bnrwfh02bmmw0000gn/T/form-init8844627965772825395.clj
java_class_path (initial): /Users/reiinc/wavery/bleecks/test:/Users/reiinc/wavery/bleecks/src:/Users/reiinc/wavery/bleecks/dev-resources:/Users/reiinc/wavery/bleecks/resources:/Users/reiinc/wavery/bleecks/target/base+system+user+dev/classes:/Users/reiinc/.m2/repository/clojure-complete/clojure-complete/0.2.3/clojure-complete-0.2.3.jar:/Users/reiinc/.m2/repository/overtone/scsynth-extras/3.5.7.0/scsynth-extras-3.5.7.0.jar:/Users/reiinc/.m2/repository/net/java/dev/jna/jna/3.4.0/jna-3.4.0.jar:/Users/reiinc/.m2/repository/overtone/at-at/1.2.0/at-at-1.2.0.jar:/Users/reiinc/.m2/repository/overtone/byte-spec/0.3.1/byte-spec-0.3.1.jar:/Users/reiinc/.m2/repository/overtone/osc-clj/0.9.0/osc-clj-0.9.0.jar:/Users/reiinc/.m2/repository/overtone/libs.handlers/0.2.0/libs.handlers-0.2.0.jar:/Users/reiinc/.m2/repository/org/clojure/clojure/1.7.0/clojure-1.7.0.jar:/Users/reiinc/.m2/repository/overtone/scsynth/3.5.7.0/scsynth-3.5.7.0.jar:/Users/reiinc/.m2/repository/commons-net/commons-net/3.0.1/commons-net-3.0.1.jar:/Users/reiinc/.m2/repository/javax/jmdns/jmdns/3.4.1/jmdns-3.4.1.jar:/Users/reiinc/.m2/repository/clj-glob/clj-glob/1.0.0/clj-glob-1.0.0.jar:/Users/reiinc/.m2/repository/overtone/overtone/0.9.1/overtone-0.9.1.jar:/Users/reiinc/.m2/repository/overtone/midi-clj/0.5.0/midi-clj-0.5.0.jar:/Users/reiinc/.m2/repository/org/clojure/tools.nrepl/0.2.10/tools.nrepl-0.2.10.jar:/Users/reiinc/.m2/repository/org/clojure/data.json/0.2.3/data.json-0.2.3.jar:/Users/reiinc/.m2/repository/clj-native/clj-native/0.9.3/clj-native-0.9.3.jar
Launcher Type: SUN_STANDARD

Environment Variables:
PATH=/usr/bin:/bin:/usr/sbin:/sbin:/usr/local/bin
SHELL=/bin/bash

Signal Handlers:
SIGSEGV: [libjvm.dylib+0x5a6d31], sa_mask[0]=11111111011111110111111111111111, sa_flags=SA_ONSTACK|SA_RESTART|SA_SIGINFO
SIGBUS: [libjvm.dylib+0x5a6d31], sa_mask[0]=11111111011111110111111111111111, sa_flags=SA_RESTART|SA_SIGINFO
SIGFPE: [libjvm.dylib+0x480a4c], sa_mask[0]=11111111011111110111111111111111, sa_flags=SA_RESTART|SA_SIGINFO
SIGPIPE: [libjvm.dylib+0x480a4c], sa_mask[0]=11111111011111110111111111111111, sa_flags=SA_RESTART|SA_SIGINFO
SIGXFSZ: [libjvm.dylib+0x480a4c], sa_mask[0]=11111111011111110111111111111111, sa_flags=SA_RESTART|SA_SIGINFO
SIGILL: [libjvm.dylib+0x480a4c], sa_mask[0]=11111111011111110111111111111111, sa_flags=SA_RESTART|SA_SIGINFO
SIGUSR1: SIG_DFL, sa_mask[0]=11011111011111100000000111000110, sa_flags=none
SIGUSR2: [libjvm.dylib+0x48056a], sa_mask[0]=00100000000000000000000000000000, sa_flags=SA_RESTART|SA_SIGINFO
SIGHUP: [libjvm.dylib+0x47eb41], sa_mask[0]=11111111011111110111111111111111, sa_flags=SA_RESTART|SA_SIGINFO
SIGINT: [libjvm.dylib+0x47eb41], sa_mask[0]=11111111011111110111111111111111, sa_flags=SA_RESTART|SA_SIGINFO
SIGTERM: [libjvm.dylib+0x47eb41], sa_mask[0]=11111111011111110111111111111111, sa_flags=SA_RESTART|SA_SIGINFO
SIGQUIT: [libjvm.dylib+0x47eb41], sa_mask[0]=11111111011111110111111111111111, sa_flags=SA_RESTART|SA_SIGINFO


---------------  S Y S T E M  ---------------

OS:Bsduname:Darwin 13.4.0 Darwin Kernel Version 13.4.0: Sun Aug 17 19:50:11 PDT 2014; root:xnu-2422.115.4~1/RELEASE_X86_64 x86_64
rlimit: STACK 8192k, CORE 0k, NPROC 709, NOFILE 10240, AS infinity
load average:4,25 2,32 1,02

CPU:total 2 (2 cores per cpu, 1 threads per core) family 6 model 23 stepping 10, cmov, cx8, fxsr, mmx, sse, sse2, sse3, ssse3, sse4.1, tsc

Memory: 4k page, physical 8388608k(3769364k free)

/proc/meminfo:


vm_info: Java HotSpot(TM) 64-Bit Server VM (25.60-b23) for bsd-amd64 JRE (1.8.0_60-b27), built on Aug  4 2015 10:47:24 by "java_re" with gcc 4.2.1 (Based on Apple Inc. build 5658) (LLVM build 2336.11.00)

time: Sat Aug 29 00:59:52 2015
elapsed time: 18 seconds (0d 0h 0m 18s)

