#
# A fatal error has been detected by the Java Runtime Environment:
#
#  SIGSEGV (0xb) at pc=0x00000001e0c4057c, pid=556, tid=25363
#
# JRE version: Java(TM) SE Runtime Environment (8.0_60-b27) (build 1.8.0_60-b27)
# Java VM: Java HotSpot(TM) 64-Bit Server VM (25.60-b23 mixed mode bsd-amd64 compressed oops)
# Problematic frame:
# C  [libscsynth.dylib+0x557c]  _ZN12SC_UdpInPortC2EP5Worldi+0x1be
#
# Failed to write core dump. Core dumps have been disabled. To enable core dumping, try "ulimit -c unlimited" before starting Java again
#
# If you would like to submit a bug report, please visit:
#   http://bugreport.java.com/bugreport/crash.jsp
# The crash happened outside the Java Virtual Machine in native code.
# See problematic frame for where to report the bug.
#

---------------  T H R E A D  ---------------

Current thread (0x00007fc1ac279000):  JavaThread "Thread-4" daemon [_thread_in_native, id=25363, stack(0x00000001e8baf000,0x00000001e8caf000)]

siginfo: si_signo: 11 (SIGSEGV), si_code: 1 (SEGV_MAPERR), si_addr: 0x0000000000000160

Registers:
RAX=0x0000000000000000, RBX=0x0000000000000000, RCX=0x00000000ffffffff, RDX=0x0000000000000034
RSP=0x00000001e8cade00, RBP=0x00000001e8cade80, RSI=0x0000000000000000, RDI=0x00007fff79b482e0
R8 =0x0000000000000003, R9 =0x0000000000000000, R10=0x000000000000002c, R11=0x0000000000000206
R12=0x0000000000000004, R13=0x0000000000000002, R14=0x00007fc1aee43a00, R15=0x00000001e7527000
RIP=0x00000001e0c4057c, EFLAGS=0x0000000000010202, ERR=0x0000000000000004
  TRAPNO=0x000000000000000e

Top of Stack: (sp=0x00000001e8cade00)
0x00000001e8cade00:   0000000000000000 00010000e8cade80
0x00000001e8cade10:   00000001e8cade30 00007fff93a8b27c
0x00000001e8cade20:   0000000000000000 0000000000010048
0x00000001e8cade30:   0000000a0000003f 000000028a7e728e
0x00000001e8cade40:   00007fc1aee43a00 0000000000000000
0x00000001e8cade50:   00000001e8cade80 00000001e0c5f614
0x00000001e8cade60:   0000000000000001 00000001e8cae5e8
0x00000001e8cade70:   00000001e8cade80 00000001e0732d1c
0x00000001e8cade80:   000000000000000a 00000001e8cae680
0x00000001e8cade90:   00000001e8cadf80 00000001e0732884
0x00000001e8cadea0:   ffffffffffffffff 00000000ffffffff
0x00000001e8cadeb0:   00000001096faaa0 00000001e8cadf30
0x00000001e8cadec0:   00000001e8cae650 00000001e8cadf40
0x00000001e8caded0:   00000001e8cadf30 00000001e8cadf44
0x00000001e8cadee0:   00000001e8cae4f0 00000001e8cae680
0x00000001e8cadef0:   00000001e0c5f5f0 00007fc1ad917f10
0x00000001e8cadf00:   00000001e8caddd0 00007fc1ad917fa0
0x00000001e8cadf10:   0000000000000002 0000000200000002
0x00000001e8cadf20:   00000001e8caddd0 00000001ac279000
0x00000001e8cadf30:   00007fc100000002 00007fc1ad919230
0x00000001e8cadf40:   0000000100000000 e4000f741d3068b0
0x00000001e8cadf50:   00000001e8cadf80 00000001e8cae680
0x00000001e8cadf60:   00007fc1ad917fb0 0000000000000000
0x00000001e8cadf70:   00007fc1ad917f10 0000000000000001
0x00000001e8cadf80:   00000001e8cae4d0 00000001e072cf5c
0x00000001e8cadf90:   0000000100000000 00007fc1ad917640
0x00000001e8cadfa0:   00000001e8cae4d0 00000001e072cd55
0x00000001e8cadfb0:   0000000000000000 0000000000000000
0x00000001e8cadfc0:   00000001e8cae4d0 00000001e072cd29
0x00000001e8cadfd0:   0000000000000000 0000000000000000
0x00000001e8cadfe0:   00000001e8cae1b0 00000001091f85a9
0x00000001e8cadff0:   00007fc1ac279000 00007fc1ad917f30 

Instructions: (pc=0x00000001e0c4057c)
0x00000001e0c4055c:   24 3c 02 00 00 00 c7 44 24 30 3f 00 00 00 be 02
0x00000001e0c4056c:   00 00 00 48 8d 54 24 30 4c 89 ff e8 5c 13 07 00
0x00000001e0c4057c:   80 bb 60 01 00 00 00 74 15 49 8d 7e 30 31 f6 48
0x00000001e0c4058c:   8d 15 3e ed ff ff 4c 89 f1 e8 08 13 07 00 48 83 

Register to memory mapping:

RAX=0x0000000000000000 is an unknown value
RBX=0x0000000000000000 is an unknown value
RCX=0x00000000ffffffff is an unknown value
RDX=0x0000000000000034 is an unknown value
RSP=0x00000001e8cade00 is pointing into the stack for thread: 0x00007fc1ac279000
RBP=0x00000001e8cade80 is pointing into the stack for thread: 0x00007fc1ac279000
RSI=0x0000000000000000 is an unknown value
RDI=0x00007fff79b482e0: _pthread_list_lock+0 in /usr/lib/system/libsystem_pthread.dylib at 0x00007fff8a065000
R8 =0x0000000000000003 is an unknown value
R9 =0x0000000000000000 is an unknown value
R10=0x000000000000002c is an unknown value
R11=0x0000000000000206 is an unknown value
R12=0x0000000000000004 is an unknown value
R13=0x0000000000000002 is an unknown value
R14=0x00007fc1aee43a00 is an unknown value
R15=0x00000001e7527000 is an unknown value


Stack: [0x00000001e8baf000,0x00000001e8caf000],  sp=0x00000001e8cade00,  free space=1019k
Native frames: (J=compiled Java code, j=interpreted, Vv=VM code, C=native code)
C  [libscsynth.dylib+0x557c]  _ZN12SC_UdpInPortC2EP5Worldi+0x1be
C  0x00000001e8cae680

Java frames: (J=compiled Java code, j=interpreted, Vv=VM code)
j  overtone.sc.machinery.server.native.lib_e891cb73_2425_47e4_be3d_de1a83fa3ce7.World_OpenUDP(Lcom/sun/jna/Pointer;I)I+0
j  overtone.sc.machinery.server.native$eval2796$fn__2797.invoke(Ljava/lang/Object;Ljava/lang/Object;)Ljava/lang/Object;+15
j  overtone.sc.machinery.server.native$scsynth_listen_udp.invoke(Ljava/lang/Object;Ljava/lang/Object;)Ljava/lang/Object;+55
j  overtone.sc.machinery.server.connection$internal_booter.invoke(Ljava/lang/Object;)Ljava/lang/Object;+201
j  overtone.sc.machinery.server.connection$boot_internal_server$fn__2889.invoke()Ljava/lang/Object;+13
j  clojure.lang.AFn.run()V+1
j  java.lang.Thread.run()V+11
v  ~StubRoutines::call_stub

---------------  P R O C E S S  ---------------

Java Threads: ( => current thread )
=>0x00007fc1ac279000 JavaThread "Thread-4" daemon [_thread_in_native, id=25363, stack(0x00000001e8baf000,0x00000001e8caf000)]
  0x00007fc1ab109000 JavaThread "pool-2-thread-4" [_thread_blocked, id=12551, stack(0x00000001e7d28000,0x00000001e7e28000)]
  0x00007fc1ac192000 JavaThread "pool-2-thread-3" [_thread_blocked, id=33287, stack(0x00000001e7585000,0x00000001e7685000)]
  0x00007fc1abe05000 JavaThread "pool-2-thread-2" [_thread_blocked, id=45071, stack(0x00000001e88d8000,0x00000001e89d8000)]
  0x00007fc1abdec800 JavaThread "pool-2-thread-1" [_thread_blocked, id=27927, stack(0x00000001e87d5000,0x00000001e88d5000)]
  0x00007fc1ab4d3000 JavaThread "pool-3-thread-4" [_thread_blocked, id=53763, stack(0x00000001e8140000,0x00000001e8240000)]
  0x00007fc1ab724800 JavaThread "pool-3-thread-3" [_thread_blocked, id=53251, stack(0x00000001e7b4a000,0x00000001e7c4a000)]
  0x00007fc1ab6ec800 JavaThread "pool-3-thread-2" [_thread_blocked, id=51715, stack(0x00000001e7260000,0x00000001e7360000)]
  0x00007fc1ab4d3800 JavaThread "pool-3-thread-1" [_thread_blocked, id=51203, stack(0x00000001e715d000,0x00000001e725d000)]
  0x00007fc1ac53c800 JavaThread "clojure-agent-send-off-pool-0" [_thread_blocked, id=50711, stack(0x00000001e0b39000,0x00000001e0c39000)]
  0x00007fc1abf2f000 JavaThread "Java2D Disposer" daemon [_thread_blocked, id=48131, stack(0x00000001e6842000,0x00000001e6942000)]
  0x00007fc1abe40000 JavaThread "Java2D Queue Flusher" daemon [_thread_blocked, id=46599, stack(0x00000001e5a51000,0x00000001e5b51000)]
  0x00007fc1ab57f000 JavaThread "AppKit Thread" daemon [_thread_in_native, id=8967, stack(0x00007fff566d2000,0x00007fff56ed2000)]
  0x00007fc1ab014000 JavaThread "Service Thread" daemon [_thread_blocked, id=18435, stack(0x00000001e01fd000,0x00000001e02fd000)]
  0x00007fc1ab05b000 JavaThread "C1 CompilerThread1" daemon [_thread_blocked, id=17923, stack(0x00000001e00fa000,0x00000001e01fa000)]
  0x00007fc1ab857000 JavaThread "C2 CompilerThread0" daemon [_thread_in_native, id=17411, stack(0x00000001dfff7000,0x00000001e00f7000)]
  0x00007fc1ab02b000 JavaThread "Signal Dispatcher" daemon [_thread_blocked, id=16899, stack(0x00000001dfef4000,0x00000001dfff4000)]
  0x00007fc1ab800800 JavaThread "Finalizer" daemon [_thread_blocked, id=11523, stack(0x00000001dfceb000,0x00000001dfdeb000)]
  0x00007fc1ab025800 JavaThread "Reference Handler" daemon [_thread_blocked, id=11011, stack(0x00000001dfbe8000,0x00000001dfce8000)]
  0x00007fc1ab803000 JavaThread "main" [_thread_blocked, id=4871, stack(0x0000000109dbc000,0x0000000109ebc000)]

Other Threads:
  0x00007fc1ab025000 VMThread [stack: 0x00000001dfae5000,0x00000001dfbe5000] [id=10499]
  0x00007fc1ab06e000 WatcherThread [stack: 0x00000001e0300000,0x00000001e0400000] [id=18947]

VM state:not at safepoint (normal execution)

VM Mutex/Monitor currently owned by a thread: None

Heap:
 PSYoungGen      total 527872K, used 377223K [0x000000016eb80000, 0x0000000192580000, 0x0000000199600000)
  eden space 523776K, 71% used [0x000000016eb80000,0x0000000185815de8,0x000000018eb00000)
  from space 4096K, 94% used [0x0000000192180000,0x000000019254c020,0x0000000192580000)
  to   space 11776K, 0% used [0x0000000190e80000,0x0000000190e80000,0x0000000191a00000)
 ParOldGen       total 92160K, used 19677K [0x0000000119600000, 0x000000011f000000, 0x000000016eb80000)
  object space 92160K, 21% used [0x0000000119600000,0x000000011a9375f8,0x000000011f000000)
 Metaspace       used 38979K, capacity 51272K, committed 51496K, reserved 1087488K
  class space    used 9442K, capacity 13490K, committed 13608K, reserved 1048576K

Card table byte_map: [0x0000000199600000,0x0000000199a01000] byte_map_base: 0x0000000198d35000

Marking Bits: (ParMarkBitMap*) 0x0000000109710e20
 Begin Bits: [0x0000000199daf000, 0x000000019bdaf000)
 End Bits:   [0x000000019bdaf000, 0x000000019ddaf000)

Polling page: 0x0000000109f01000

CodeCache: size=245760Kb used=13592Kb max_used=13629Kb free=232167Kb
 bounds [0x0000000109f14000, 0x000000010ac74000, 0x0000000118f14000]
 total_blobs=3821 nmethods=3328 adapters=408
 compilation: enabled

Compilation events (10 events):
Event: 17,516 Thread 0x00007fc1ab05b000 3831       2       clojure.lang.BigInt::toBigInteger (20 bytes)
Event: 17,516 Thread 0x00007fc1ab05b000 nmethod 3831 0x000000010ac578d0 code [0x000000010ac57a40, 0x000000010ac57bc8]
Event: 17,519 Thread 0x00007fc1ab05b000 3832       2       java.util.LinkedHashMap$LinkedHashIterator::nextNode (54 bytes)
Event: 17,519 Thread 0x00007fc1ab05b000 nmethod 3832 0x000000010ac57c50 code [0x000000010ac57de0, 0x000000010ac580b8]
Event: 17,519 Thread 0x00007fc1ab05b000 3833       1       java.lang.reflect.Field::getDeclaringClass (5 bytes)
Event: 17,519 Thread 0x00007fc1ab05b000 nmethod 3833 0x000000010ac58250 code [0x000000010ac583a0, 0x000000010ac584b0]
Event: 17,560 Thread 0x00007fc1ab857000 nmethod 3790 0x000000010ac61ad0 code [0x000000010ac62560, 0x000000010ac68af0]
Event: 17,561 Thread 0x00007fc1ab857000 3795       4       clojure.asm.ClassWriter::toByteArray (1116 bytes)
Event: 17,572 Thread 0x00007fc1ab05b000 3834       2       clojure.lang.Numbers$BigIntOps::combine (8 bytes)
Event: 17,572 Thread 0x00007fc1ab05b000 nmethod 3834 0x000000010ac61750 code [0x000000010ac618c0, 0x000000010ac61a48]

GC Heap History (10 events):
Event: 9,779 GC heap before
{Heap before GC invocations=10 (full 1):
 PSYoungGen      total 294400K, used 293906K [0x000000016eb80000, 0x0000000183000000, 0x0000000199600000)
  eden space 286208K, 100% used [0x000000016eb80000,0x0000000180300000,0x0000000180300000)
  from space 8192K, 93% used [0x0000000180b80000,0x0000000181304898,0x0000000181380000)
  to   space 8704K, 0% used [0x0000000180300000,0x0000000180300000,0x0000000180b80000)
 ParOldGen       total 58880K, used 8229K [0x0000000119600000, 0x000000011cf80000, 0x000000016eb80000)
  object space 58880K, 13% used [0x0000000119600000,0x0000000119e09660,0x000000011cf80000)
 Metaspace       used 28348K, capacity 33546K, committed 33664K, reserved 1075200K
  class space    used 6403K, capacity 8235K, committed 8320K, reserved 1048576K
Event: 9,811 GC heap after
Heap after GC invocations=10 (full 1):
 PSYoungGen      total 294912K, used 8701K [0x000000016eb80000, 0x0000000188000000, 0x0000000199600000)
  eden space 286208K, 0% used [0x000000016eb80000,0x000000016eb80000,0x0000000180300000)
  from space 8704K, 99% used [0x0000000180300000,0x0000000180b7f728,0x0000000180b80000)
  to   space 9728K, 0% used [0x0000000187680000,0x0000000187680000,0x0000000188000000)
 ParOldGen       total 58880K, used 8447K [0x0000000119600000, 0x000000011cf80000, 0x000000016eb80000)
  object space 58880K, 14% used [0x0000000119600000,0x0000000119e3ffb8,0x000000011cf80000)
 Metaspace       used 28348K, capacity 33546K, committed 33664K, reserved 1075200K
  class space    used 6403K, capacity 8235K, committed 8320K, reserved 1048576K
}
Event: 10,535 GC heap before
{Heap before GC invocations=11 (full 1):
 PSYoungGen      total 294912K, used 294909K [0x000000016eb80000, 0x0000000188000000, 0x0000000199600000)
  eden space 286208K, 100% used [0x000000016eb80000,0x0000000180300000,0x0000000180300000)
  from space 8704K, 99% used [0x0000000180300000,0x0000000180b7f728,0x0000000180b80000)
  to   space 9728K, 0% used [0x0000000187680000,0x0000000187680000,0x0000000188000000)
 ParOldGen       total 58880K, used 8447K [0x0000000119600000, 0x000000011cf80000, 0x000000016eb80000)
  object space 58880K, 14% used [0x0000000119600000,0x0000000119e3ffb8,0x000000011cf80000)
 Metaspace       used 28936K, capacity 34648K, committed 34688K, reserved 1075200K
  class space    used 6605K, capacity 8573K, committed 8576K, reserved 1048576K
Event: 10,578 GC heap after
Heap after GC invocations=11 (full 1):
 PSYoungGen      total 402432K, used 9724K [0x000000016eb80000, 0x0000000188b80000, 0x0000000199600000)
  eden space 392704K, 0% used [0x000000016eb80000,0x000000016eb80000,0x0000000186b00000)
  from space 9728K, 99% used [0x0000000187680000,0x0000000187fff268,0x0000000188000000)
  to   space 11776K, 0% used [0x0000000186b00000,0x0000000186b00000,0x0000000187680000)
 ParOldGen       total 58880K, used 11543K [0x0000000119600000, 0x000000011cf80000, 0x000000016eb80000)
  object space 58880K, 19% used [0x0000000119600000,0x000000011a145ff0,0x000000011cf80000)
 Metaspace       used 28936K, capacity 34648K, committed 34688K, reserved 1075200K
  class space    used 6605K, capacity 8573K, committed 8576K, reserved 1048576K
}
Event: 10,932 GC heap before
{Heap before GC invocations=12 (full 1):
 PSYoungGen      total 402432K, used 41429K [0x000000016eb80000, 0x0000000188b80000, 0x0000000199600000)
  eden space 392704K, 8% used [0x000000016eb80000,0x0000000170a76590,0x0000000186b00000)
  from space 9728K, 99% used [0x0000000187680000,0x0000000187fff268,0x0000000188000000)
  to   space 11776K, 0% used [0x0000000186b00000,0x0000000186b00000,0x0000000187680000)
 ParOldGen       total 58880K, used 11543K [0x0000000119600000, 0x000000011cf80000, 0x000000016eb80000)
  object space 58880K, 19% used [0x0000000119600000,0x000000011a145ff0,0x000000011cf80000)
 Metaspace       used 29470K, capacity 35482K, committed 35496K, reserved 1075200K
  class space    used 6776K, capacity 8871K, committed 8872K, reserved 1048576K
Event: 10,970 GC heap after
Heap after GC invocations=12 (full 1):
 PSYoungGen      total 404480K, used 7168K [0x000000016eb80000, 0x0000000192c80000, 0x0000000199600000)
  eden space 392704K, 0% used [0x000000016eb80000,0x000000016eb80000,0x0000000186b00000)
  from space 11776K, 60% used [0x0000000186b00000,0x0000000187200000,0x0000000187680000)
  to   space 11264K, 0% used [0x0000000192180000,0x0000000192180000,0x0000000192c80000)
 ParOldGen       total 58880K, used 14452K [0x0000000119600000, 0x000000011cf80000, 0x000000016eb80000)
  object space 58880K, 24% used [0x0000000119600000,0x000000011a41d370,0x000000011cf80000)
 Metaspace       used 29470K, capacity 35482K, committed 35496K, reserved 1075200K
  class space    used 6776K, capacity 8871K, committed 8872K, reserved 1048576K
}
Event: 10,970 GC heap before
{Heap before GC invocations=13 (full 2):
 PSYoungGen      total 404480K, used 7168K [0x000000016eb80000, 0x0000000192c80000, 0x0000000199600000)
  eden space 392704K, 0% used [0x000000016eb80000,0x000000016eb80000,0x0000000186b00000)
  from space 11776K, 60% used [0x0000000186b00000,0x0000000187200000,0x0000000187680000)
  to   space 11264K, 0% used [0x0000000192180000,0x0000000192180000,0x0000000192c80000)
 ParOldGen       total 58880K, used 14452K [0x0000000119600000, 0x000000011cf80000, 0x000000016eb80000)
  object space 58880K, 24% used [0x0000000119600000,0x000000011a41d370,0x000000011cf80000)
 Metaspace       used 29470K, capacity 35482K, committed 35496K, reserved 1075200K
  class space    used 6776K, capacity 8871K, committed 8872K, reserved 1048576K
Event: 11,280 GC heap after
Heap after GC invocations=13 (full 2):
 PSYoungGen      total 404480K, used 0K [0x000000016eb80000, 0x0000000192c80000, 0x0000000199600000)
  eden space 392704K, 0% used [0x000000016eb80000,0x000000016eb80000,0x0000000186b00000)
  from space 11776K, 0% used [0x0000000186b00000,0x0000000186b00000,0x0000000187680000)
  to   space 11264K, 0% used [0x0000000192180000,0x0000000192180000,0x0000000192c80000)
 ParOldGen       total 92160K, used 19669K [0x0000000119600000, 0x000000011f000000, 0x000000016eb80000)
  object space 92160K, 21% used [0x0000000119600000,0x000000011a9355f8,0x000000011f000000)
 Metaspace       used 29470K, capacity 35482K, committed 35496K, reserved 1075200K
  class space    used 6776K, capacity 8871K, committed 8872K, reserved 1048576K
}
Event: 13,759 GC heap before
{Heap before GC invocations=14 (full 2):
 PSYoungGen      total 404480K, used 392704K [0x000000016eb80000, 0x0000000192c80000, 0x0000000199600000)
  eden space 392704K, 100% used [0x000000016eb80000,0x0000000186b00000,0x0000000186b00000)
  from space 11776K, 0% used [0x0000000186b00000,0x0000000186b00000,0x0000000187680000)
  to   space 11264K, 0% used [0x0000000192180000,0x0000000192180000,0x0000000192c80000)
 ParOldGen       total 92160K, used 19669K [0x0000000119600000, 0x000000011f000000, 0x000000016eb80000)
  object space 92160K, 21% used [0x0000000119600000,0x000000011a9355f8,0x000000011f000000)
 Metaspace       used 33062K, capacity 41314K, committed 41512K, reserved 1081344K
  class space    used 7717K, capacity 10439K, committed 10536K, reserved 1048576K
Event: 13,782 GC heap after
Heap after GC invocations=14 (full 2):
 PSYoungGen      total 527872K, used 3888K [0x000000016eb80000, 0x0000000192580000, 0x0000000199600000)
  eden space 523776K, 0% used [0x000000016eb80000,0x000000016eb80000,0x000000018eb00000)
  from space 4096K, 94% used [0x0000000192180000,0x000000019254c020,0x0000000192580000)
  to   space 11776K, 0% used [0x0000000190e80000,0x0000000190e80000,0x0000000191a00000)
 ParOldGen       total 92160K, used 19677K [0x0000000119600000, 0x000000011f000000, 0x000000016eb80000)
  object space 92160K, 21% used [0x0000000119600000,0x000000011a9375f8,0x000000011f000000)
 Metaspace       used 33062K, capacity 41314K, committed 41512K, reserved 1081344K
  class space    used 7717K, capacity 10439K, committed 10536K, reserved 1048576K
}

Deoptimization events (10 events):
Event: 17,148 Thread 0x00007fc1ab803000 Uncommon trap: reason=unstable_if action=reinterpret pc=0x000000010aafa960 method=clojure.lang.Util.isPrimitive(Ljava/lang/Class;)Z @ 1
Event: 17,153 Thread 0x00007fc1ab803000 Uncommon trap: reason=class_check action=maybe_recompile pc=0x000000010ac005dc method=clojure.lang.AFn.applyToHelper(Lclojure/lang/IFn;Lclojure/lang/ISeq;)Ljava/lang/Object; @ 2005
Event: 17,154 Thread 0x00007fc1ab803000 Uncommon trap: reason=class_check action=maybe_recompile pc=0x000000010ac005f4 method=clojure.lang.AFn.applyToHelper(Lclojure/lang/IFn;Lclojure/lang/ISeq;)Ljava/lang/Object; @ 2018
Event: 17,157 Thread 0x00007fc1ab803000 Uncommon trap: reason=unstable_if action=reinterpret pc=0x000000010a714d8c method=java.lang.reflect.Method.isBridge()Z @ 7
Event: 17,177 Thread 0x00007fc1ab803000 Uncommon trap: reason=class_check action=maybe_recompile pc=0x000000010ac0352c method=clojure.lang.AFn.applyToHelper(Lclojure/lang/IFn;Lclojure/lang/ISeq;)Ljava/lang/Object; @ 2725
Event: 17,177 Thread 0x00007fc1ab803000 Uncommon trap: reason=bimorphic action=maybe_recompile pc=0x000000010ac03ab4 method=clojure.lang.AFn.applyToHelper(Lclojure/lang/IFn;Lclojure/lang/ISeq;)Ljava/lang/Object; @ 2946
Event: 17,299 Thread 0x00007fc1ab803000 Uncommon trap: reason=unstable_if action=reinterpret pc=0x000000010a0ce784 method=clojure.lang.PersistentHashMap$TransientHashMap.doAssoc(Ljava/lang/Object;Ljava/lang/Object;)Lclojure/lang/ITransientMap; @ 1
Event: 17,502 Thread 0x00007fc1ab803000 Uncommon trap: reason=class_check action=maybe_recompile pc=0x000000010a98c33c method=clojure.lang.Numbers$LongOps.combine(Lclojure/lang/Numbers$Ops;)Lclojure/lang/Numbers$Ops; @ 2
Event: 17,506 Thread 0x00007fc1ac279000 Uncommon trap: reason=unstable_if action=reinterpret pc=0x000000010a7af2c4 method=clojure.lang.Var.popThreadBindings()V @ 31
Event: 17,521 Thread 0x00007fc1ab803000 Uncommon trap: reason=class_check action=maybe_recompile pc=0x000000010a98c33c method=clojure.lang.Numbers$LongOps.combine(Lclojure/lang/Numbers$Ops;)Lclojure/lang/Numbers$Ops; @ 2

Internal exceptions (10 events):
Event: 3,378 Thread 0x00007fc1abe39800 Implicit null exception at 0x000000010a1e4ad4 to 0x000000010a1e4fc1
Event: 4,886 Thread 0x00007fc1ab803000 Implicit null exception at 0x000000010a55bc6f to 0x000000010a55bea1
Event: 4,993 Thread 0x00007fc1ab803000 Exception <a 'sun/nio/fs/UnixException'> (0x00000001702408f8) thrown at [/Users/java_re/workspace/8-2-build-macosx-x86_64/jdk8u60/4407/hotspot/src/share/vm/prims/jni.cpp, line 709]
Event: 9,590 Thread 0x00007fc1ab803000 Implicit null exception at 0x000000010a041d6d to 0x000000010a041e15
Event: 10,163 Thread 0x00007fc1ab803000 Implicit null exception at 0x000000010a036ea2 to 0x000000010a03775d
Event: 11,391 Thread 0x00007fc1ab803000 Implicit null exception at 0x000000010a4e2914 to 0x000000010a4e38d9
Event: 17,099 Thread 0x00007fc1ab803000 Implicit null exception at 0x000000010a5eecc7 to 0x000000010a5eecee
Event: 17,099 Thread 0x00007fc1ab803000 Exception <a 'java/lang/NullPointerException'> (0x00000001814062b0) thrown at [/Users/java_re/workspace/8-2-build-macosx-x86_64/jdk8u60/4407/hotspot/src/share/vm/runtime/sharedRuntime.cpp, line 605]
Event: 17,148 Thread 0x00007fc1ab803000 Implicit null exception at 0x000000010aafa84c to 0x000000010aafa94d
Event: 17,299 Thread 0x00007fc1ab803000 Implicit null exception at 0x000000010a0ce168 to 0x000000010a0ce751

Events (10 events):
Event: 17,509 loading class com/sun/jna/Memory$SharedMemory done
Event: 17,510 loading class com/sun/jna/WeakIdentityHashMap
Event: 17,510 loading class com/sun/jna/WeakIdentityHashMap done
Event: 17,517 loading class com/sun/jna/Structure$2$StructureSet
Event: 17,517 loading class com/sun/jna/Structure$2$StructureSet done
Event: 17,519 loading class com/sun/jna/NativeString
Event: 17,519 loading class com/sun/jna/NativeString done
Event: 17,521 Thread 0x00007fc1ab803000 Uncommon trap: trap_request=0xffffffde fr.pc=0x000000010a98c33c
Event: 17,521 Thread 0x00007fc1ab803000 DEOPT PACKING pc=0x000000010a98c33c sp=0x0000000109eb8950
Event: 17,521 Thread 0x00007fc1ab803000 DEOPT UNPACKING pc=0x0000000109f18f69 sp=0x0000000109eb8910 mode 2


Dynamic libraries:
0x0000000009acf000 	/System/Library/Frameworks/Cocoa.framework/Versions/A/Cocoa
0x0000000009acf000 	/System/Library/Frameworks/Security.framework/Versions/A/Security
0x0000000009acf000 	/System/Library/Frameworks/ApplicationServices.framework/Versions/A/ApplicationServices
0x0000000009acf000 	/usr/lib/libz.1.dylib
0x0000000009acf000 	/usr/lib/libSystem.B.dylib
0x0000000009acf000 	/usr/lib/libobjc.A.dylib
0x0000000009acf000 	/System/Library/Frameworks/CoreFoundation.framework/Versions/A/CoreFoundation
0x0000000009acf000 	/System/Library/Frameworks/Foundation.framework/Versions/C/Foundation
0x0000000009acf000 	/System/Library/Frameworks/AppKit.framework/Versions/C/AppKit
0x0000000009acf000 	/System/Library/Frameworks/CoreData.framework/Versions/A/CoreData
0x0000000009acf000 	/System/Library/PrivateFrameworks/RemoteViewServices.framework/Versions/A/RemoteViewServices
0x0000000009acf000 	/System/Library/Frameworks/AudioToolbox.framework/Versions/A/AudioToolbox
0x0000000009acf000 	/System/Library/Frameworks/AudioUnit.framework/Versions/A/AudioUnit
0x0000000009acf000 	/System/Library/PrivateFrameworks/DataDetectorsCore.framework/Versions/A/DataDetectorsCore
0x0000000009acf000 	/System/Library/PrivateFrameworks/DesktopServicesPriv.framework/Versions/A/DesktopServicesPriv
0x0000000009acf000 	/System/Library/Frameworks/Carbon.framework/Versions/A/Frameworks/HIToolbox.framework/Versions/A/HIToolbox
0x0000000009acf000 	/System/Library/Frameworks/QuartzCore.framework/Versions/A/QuartzCore
0x0000000009acf000 	/System/Library/Frameworks/Carbon.framework/Versions/A/Frameworks/SpeechRecognition.framework/Versions/A/SpeechRecognition
0x0000000009acf000 	/usr/lib/libauto.dylib
0x0000000009acf000 	/usr/lib/libicucore.A.dylib
0x0000000009acf000 	/usr/lib/libxml2.2.dylib
0x0000000009acf000 	/System/Library/PrivateFrameworks/CoreUI.framework/Versions/A/CoreUI
0x0000000009acf000 	/System/Library/Frameworks/CoreAudio.framework/Versions/A/CoreAudio
0x0000000009acf000 	/System/Library/Frameworks/DiskArbitration.framework/Versions/A/DiskArbitration
0x0000000009acf000 	/usr/lib/liblangid.dylib
0x0000000009acf000 	/System/Library/PrivateFrameworks/MultitouchSupport.framework/Versions/A/MultitouchSupport
0x0000000009acf000 	/System/Library/Frameworks/IOKit.framework/Versions/A/IOKit
0x0000000009acf000 	/usr/lib/libDiagnosticMessagesClient.dylib
0x0000000009acf000 	/System/Library/Frameworks/CoreServices.framework/Versions/A/CoreServices
0x0000000009acf000 	/System/Library/PrivateFrameworks/PerformanceAnalysis.framework/Versions/A/PerformanceAnalysis
0x0000000009acf000 	/System/Library/PrivateFrameworks/GenerationalStorage.framework/Versions/A/GenerationalStorage
0x0000000009acf000 	/System/Library/Frameworks/OpenGL.framework/Versions/A/OpenGL
0x0000000009acf000 	/System/Library/PrivateFrameworks/Sharing.framework/Versions/A/Sharing
0x0000000009acf000 	/System/Library/Frameworks/ImageIO.framework/Versions/A/ImageIO
0x0000000009acf000 	/System/Library/Frameworks/CoreText.framework/Versions/A/CoreText
0x0000000009acf000 	/System/Library/Frameworks/CoreGraphics.framework/Versions/A/CoreGraphics
0x0000000009acf000 	/System/Library/PrivateFrameworks/Backup.framework/Versions/A/Backup
0x0000000009acf000 	/System/Library/Frameworks/CFNetwork.framework/Versions/A/CFNetwork
0x0000000009acf000 	/System/Library/Frameworks/SystemConfiguration.framework/Versions/A/SystemConfiguration
0x0000000009acf000 	/usr/lib/libCRFSuite.dylib
0x0000000009acf000 	/usr/lib/libc++.1.dylib
0x0000000009acf000 	/usr/lib/libc++abi.dylib
0x0000000009acf000 	/usr/lib/system/libcache.dylib
0x0000000009acf000 	/usr/lib/system/libcommonCrypto.dylib
0x0000000009acf000 	/usr/lib/system/libcompiler_rt.dylib
0x0000000009acf000 	/usr/lib/system/libcopyfile.dylib
0x0000000009acf000 	/usr/lib/system/libcorecrypto.dylib
0x0000000009acf000 	/usr/lib/system/libdispatch.dylib
0x0000000009acf000 	/usr/lib/system/libdyld.dylib
0x0000000009acf000 	/usr/lib/system/libkeymgr.dylib
0x0000000009acf000 	/usr/lib/system/liblaunch.dylib
0x0000000009acf000 	/usr/lib/system/libmacho.dylib
0x0000000009acf000 	/usr/lib/system/libquarantine.dylib
0x0000000009acf000 	/usr/lib/system/libremovefile.dylib
0x0000000009acf000 	/usr/lib/system/libsystem_asl.dylib
0x0000000009acf000 	/usr/lib/system/libsystem_blocks.dylib
0x0000000009acf000 	/usr/lib/system/libsystem_c.dylib
0x0000000009acf000 	/usr/lib/system/libsystem_configuration.dylib
0x0000000009acf000 	/usr/lib/system/libsystem_dnssd.dylib
0x0000000009acf000 	/usr/lib/system/libsystem_info.dylib
0x0000000009acf000 	/usr/lib/system/libsystem_kernel.dylib
0x0000000009acf000 	/usr/lib/system/libsystem_m.dylib
0x0000000009acf000 	/usr/lib/system/libsystem_malloc.dylib
0x0000000009acf000 	/usr/lib/system/libsystem_network.dylib
0x0000000009acf000 	/usr/lib/system/libsystem_notify.dylib
0x0000000009acf000 	/usr/lib/system/libsystem_platform.dylib
0x0000000009acf000 	/usr/lib/system/libsystem_pthread.dylib
0x0000000009acf000 	/usr/lib/system/libsystem_sandbox.dylib
0x0000000009acf000 	/usr/lib/system/libsystem_stats.dylib
0x0000000009acf000 	/usr/lib/system/libunc.dylib
0x0000000009acf000 	/usr/lib/system/libunwind.dylib
0x0000000009acf000 	/usr/lib/system/libxpc.dylib
0x0000000009acf000 	/usr/lib/libbsm.0.dylib
0x0000000009acf000 	/usr/lib/libsqlite3.dylib
0x0000000009acf000 	/usr/lib/libxar.1.dylib
0x0000000009acf000 	/usr/lib/libpam.2.dylib
0x0000000009acf000 	/usr/lib/libOpenScriptingUtil.dylib
0x0000000009acf000 	/usr/lib/libbz2.1.0.dylib
0x0000000009acf000 	/System/Library/Frameworks/CoreServices.framework/Versions/A/Frameworks/CarbonCore.framework/Versions/A/CarbonCore
0x0000000009acf000 	/System/Library/Frameworks/CoreServices.framework/Versions/A/Frameworks/Metadata.framework/Versions/A/Metadata
0x0000000009acf000 	/System/Library/Frameworks/CoreServices.framework/Versions/A/Frameworks/OSServices.framework/Versions/A/OSServices
0x0000000009acf000 	/System/Library/Frameworks/CoreServices.framework/Versions/A/Frameworks/SearchKit.framework/Versions/A/SearchKit
0x0000000009acf000 	/System/Library/Frameworks/CoreServices.framework/Versions/A/Frameworks/AE.framework/Versions/A/AE
0x0000000009acf000 	/System/Library/Frameworks/CoreServices.framework/Versions/A/Frameworks/LaunchServices.framework/Versions/A/LaunchServices
0x0000000009acf000 	/System/Library/Frameworks/CoreServices.framework/Versions/A/Frameworks/DictionaryServices.framework/Versions/A/DictionaryServices
0x0000000009acf000 	/System/Library/Frameworks/NetFS.framework/Versions/A/NetFS
0x0000000009acf000 	/usr/lib/system/libkxld.dylib
0x0000000009acf000 	/System/Library/PrivateFrameworks/NetAuth.framework/Versions/A/NetAuth
0x0000000009acf000 	/System/Library/PrivateFrameworks/TCC.framework/Versions/A/TCC
0x0000000009acf000 	/System/Library/Frameworks/OpenDirectory.framework/Versions/A/Frameworks/CFOpenDirectory.framework/Versions/A/CFOpenDirectory
0x0000000009acf000 	/System/Library/Frameworks/ServiceManagement.framework/Versions/A/ServiceManagement
0x0000000009acf000 	/usr/lib/libxslt.1.dylib
0x0000000009acf000 	/System/Library/Frameworks/Carbon.framework/Versions/A/Frameworks/Ink.framework/Versions/A/Ink
0x0000000009acf000 	/System/Library/Frameworks/ApplicationServices.framework/Versions/A/Frameworks/ATS.framework/Versions/A/ATS
0x0000000009acf000 	/System/Library/Frameworks/ApplicationServices.framework/Versions/A/Frameworks/ColorSync.framework/Versions/A/ColorSync
0x0000000009acf000 	/System/Library/Frameworks/ApplicationServices.framework/Versions/A/Frameworks/HIServices.framework/Versions/A/HIServices
0x0000000009acf000 	/System/Library/Frameworks/ApplicationServices.framework/Versions/A/Frameworks/LangAnalysis.framework/Versions/A/LangAnalysis
0x0000000009acf000 	/System/Library/Frameworks/ApplicationServices.framework/Versions/A/Frameworks/PrintCore.framework/Versions/A/PrintCore
0x0000000009acf000 	/System/Library/Frameworks/ApplicationServices.framework/Versions/A/Frameworks/QD.framework/Versions/A/QD
0x0000000009acf000 	/System/Library/Frameworks/ApplicationServices.framework/Versions/A/Frameworks/SpeechSynthesis.framework/Versions/A/SpeechSynthesis
0x0000000009acf000 	/System/Library/Frameworks/IOSurface.framework/Versions/A/IOSurface
0x0000000009acf000 	/System/Library/Frameworks/Accelerate.framework/Versions/A/Accelerate
0x0000000009acf000 	/System/Library/Frameworks/Accelerate.framework/Versions/A/Frameworks/vImage.framework/Versions/A/vImage
0x0000000009acf000 	/System/Library/Frameworks/Accelerate.framework/Versions/A/Frameworks/vecLib.framework/Versions/A/vecLib
0x0000000009acf000 	/System/Library/Frameworks/Accelerate.framework/Versions/A/Frameworks/vecLib.framework/Versions/A/libvDSP.dylib
0x0000000009acf000 	/System/Library/Frameworks/Accelerate.framework/Versions/A/Frameworks/vecLib.framework/Versions/A/libvMisc.dylib
0x0000000009acf000 	/System/Library/Frameworks/Accelerate.framework/Versions/A/Frameworks/vecLib.framework/Versions/A/libLAPACK.dylib
0x0000000009acf000 	/System/Library/Frameworks/Accelerate.framework/Versions/A/Frameworks/vecLib.framework/Versions/A/libBLAS.dylib
0x0000000009acf000 	/System/Library/Frameworks/ApplicationServices.framework/Versions/A/Frameworks/ATS.framework/Versions/A/Resources/libFontParser.dylib
0x0000000009acf000 	/System/Library/Frameworks/ApplicationServices.framework/Versions/A/Frameworks/ATS.framework/Versions/A/Resources/libFontRegistry.dylib
0x0000000009acf000 	/System/Library/Frameworks/ImageIO.framework/Versions/A/Resources/libJPEG.dylib
0x0000000009acf000 	/System/Library/Frameworks/ImageIO.framework/Versions/A/Resources/libTIFF.dylib
0x0000000009acf000 	/System/Library/Frameworks/ImageIO.framework/Versions/A/Resources/libPng.dylib
0x0000000009acf000 	/System/Library/Frameworks/ImageIO.framework/Versions/A/Resources/libGIF.dylib
0x0000000009acf000 	/System/Library/Frameworks/ImageIO.framework/Versions/A/Resources/libJP2.dylib
0x0000000009acf000 	/System/Library/Frameworks/ImageIO.framework/Versions/A/Resources/libRadiance.dylib
0x0000000009acf000 	/usr/lib/libcups.2.dylib
0x0000000009acf000 	/System/Library/Frameworks/Kerberos.framework/Versions/A/Kerberos
0x0000000009acf000 	/System/Library/Frameworks/GSS.framework/Versions/A/GSS
0x0000000009acf000 	/usr/lib/libresolv.9.dylib
0x0000000009acf000 	/usr/lib/libiconv.2.dylib
0x0000000009acf000 	/System/Library/PrivateFrameworks/Heimdal.framework/Versions/A/Heimdal
0x0000000009acf000 	/System/Library/PrivateFrameworks/TrustEvaluationAgent.framework/Versions/A/TrustEvaluationAgent
0x0000000009acf000 	/usr/lib/libheimdal-asn1.dylib
0x0000000009acf000 	/System/Library/Frameworks/OpenDirectory.framework/Versions/A/OpenDirectory
0x0000000009acf000 	/System/Library/PrivateFrameworks/CommonAuth.framework/Versions/A/CommonAuth
0x0000000009acf000 	/System/Library/Frameworks/SecurityFoundation.framework/Versions/A/SecurityFoundation
0x0000000009acf000 	/System/Library/PrivateFrameworks/Bom.framework/Versions/A/Bom
0x0000000009acf000 	/System/Library/Frameworks/CoreVideo.framework/Versions/A/CoreVideo
0x0000000009acf000 	/System/Library/Frameworks/QuartzCore.framework/Versions/A/Frameworks/CoreImage.framework/Versions/A/CoreImage
0x0000000009acf000 	/System/Library/Frameworks/QuartzCore.framework/Versions/A/Frameworks/ScalableUserInterface.framework/Versions/A/ScalableUserInterface
0x0000000009acf000 	/System/Library/Frameworks/OpenGL.framework/Versions/A/Libraries/libGLU.dylib
0x0000000009acf000 	/System/Library/Frameworks/OpenGL.framework/Versions/A/Libraries/libGFXShared.dylib
0x0000000009acf000 	/System/Library/Frameworks/OpenGL.framework/Versions/A/Libraries/libGL.dylib
0x0000000009acf000 	/System/Library/Frameworks/OpenGL.framework/Versions/A/Libraries/libGLImage.dylib
0x0000000009acf000 	/System/Library/Frameworks/OpenGL.framework/Versions/A/Libraries/libCVMSPluginSupport.dylib
0x0000000009acf000 	/System/Library/Frameworks/OpenGL.framework/Versions/A/Libraries/libCoreVMClient.dylib
0x0000000009acf000 	/System/Library/PrivateFrameworks/FaceCore.framework/Versions/A/FaceCore
0x0000000009acf000 	/System/Library/PrivateFrameworks/CrashReporterSupport.framework/Versions/A/CrashReporterSupport
0x0000000009acf000 	/System/Library/Frameworks/OpenCL.framework/Versions/A/OpenCL
0x0000000009acf000 	/System/Library/PrivateFrameworks/AppleFSCompression.framework/Versions/A/AppleFSCompression
0x0000000009acf000 	/System/Library/PrivateFrameworks/Ubiquity.framework/Versions/A/Ubiquity
0x0000000009acf000 	/System/Library/PrivateFrameworks/IconServices.framework/Versions/A/IconServices
0x0000000009acf000 	/System/Library/PrivateFrameworks/ChunkingLibrary.framework/Versions/A/ChunkingLibrary
0x0000000009acf000 	/System/Library/PrivateFrameworks/CoreSymbolication.framework/Versions/A/CoreSymbolication
0x0000000009acf000 	/System/Library/PrivateFrameworks/Symbolication.framework/Versions/A/Symbolication
0x0000000009acf000 	/System/Library/PrivateFrameworks/DebugSymbols.framework/Versions/A/DebugSymbols
0x000000004ea7a000 	/System/Library/CoreServices/Encodings/libCyrillicConverter.dylib
0x0000000108e32000 	/Library/Java/JavaVirtualMachines/jdk1.8.0_60.jdk/Contents/Home/jre/lib/server/libjvm.dylib
0x0000000009acf000 	/usr/lib/libstdc++.6.dylib
0x0000000109ebe000 	/Library/Java/JavaVirtualMachines/jdk1.8.0_60.jdk/Contents/Home/jre/lib/libverify.dylib
0x0000000109ecc000 	/Library/Java/JavaVirtualMachines/jdk1.8.0_60.jdk/Contents/Home/jre/lib/libjava.dylib
0x0000000109f0b000 	/Library/Java/JavaVirtualMachines/jdk1.8.0_60.jdk/Contents/Home/jre/lib/libzip.dylib
0x00000001deb6f000 	/System/Library/Frameworks/JavaVM.framework/Frameworks/JavaRuntimeSupport.framework/JavaRuntimeSupport
0x00000001deb87000 	/System/Library/Frameworks/JavaVM.framework/Versions/A/Frameworks/JavaNativeFoundation.framework/Versions/A/JavaNativeFoundation
0x00000001deb9b000 	/System/Library/Frameworks/JavaVM.framework/Versions/A/JavaVM
0x0000000009acf000 	/System/Library/Frameworks/Carbon.framework/Versions/A/Carbon
0x00000001deba7000 	/System/Library/PrivateFrameworks/JavaLaunching.framework/Versions/A/JavaLaunching
0x0000000009acf000 	/System/Library/Frameworks/Carbon.framework/Versions/A/Frameworks/CommonPanels.framework/Versions/A/CommonPanels
0x0000000009acf000 	/System/Library/Frameworks/Carbon.framework/Versions/A/Frameworks/Help.framework/Versions/A/Help
0x0000000009acf000 	/System/Library/Frameworks/Carbon.framework/Versions/A/Frameworks/ImageCapture.framework/Versions/A/ImageCapture
0x0000000009acf000 	/System/Library/Frameworks/Carbon.framework/Versions/A/Frameworks/OpenScripting.framework/Versions/A/OpenScripting
0x0000000009acf000 	/System/Library/Frameworks/Carbon.framework/Versions/A/Frameworks/Print.framework/Versions/A/Print
0x0000000009acf000 	/System/Library/Frameworks/Carbon.framework/Versions/A/Frameworks/SecurityHI.framework/Versions/A/SecurityHI
0x00000001e150c000 	/Library/Java/JavaVirtualMachines/jdk1.8.0_60.jdk/Contents/Home/jre/lib/libawt.dylib
0x00000001e15b4000 	/Library/Java/JavaVirtualMachines/jdk1.8.0_60.jdk/Contents/Home/jre/lib/./libmlib_image.dylib
0x00000001e1680000 	/Library/Java/JavaVirtualMachines/jdk1.8.0_60.jdk/Contents/Home/jre/lib/libawt_lwawt.dylib
0x00000001e0524000 	/Library/Java/JavaVirtualMachines/jdk1.8.0_60.jdk/Contents/Home/jre/lib/./libosxapp.dylib
0x0000000009acf000 	/System/Library/Frameworks/ExceptionHandling.framework/Versions/A/ExceptionHandling
0x0000000009acf000 	/System/Library/PrivateFrameworks/CoreServicesInternal.framework/Versions/A/CoreServicesInternal
0x0000000009acf000 	/System/Library/PrivateFrameworks/Librarian.framework/Versions/A/Librarian
0x0000000009acf000 	/System/Library/Frameworks/CoreGraphics.framework/Versions/A/Resources/libCGCMS.A.dylib
0x0000000009acf000 	/System/Library/Frameworks/CoreGraphics.framework/Versions/A/Resources/libRIP.A.dylib
0x0000000009acf000 	/System/Library/Frameworks/CoreGraphics.framework/Versions/A/Resources/libCGXType.A.dylib
0x0000000009acf000 	/System/Library/PrivateFrameworks/FamilyControls.framework/Versions/A/FamilyControls
0x0000000009acf000 	/System/Library/PrivateFrameworks/CommerceKit.framework/Versions/A/Frameworks/CommerceCore.framework/Versions/A/CommerceCore
0x0000000009acf000 	/System/Library/PrivateFrameworks/SystemAdministration.framework/Versions/A/SystemAdministration
0x0000000009acf000 	/System/Library/Frameworks/DirectoryService.framework/Versions/A/DirectoryService
0x0000000009acf000 	/System/Library/PrivateFrameworks/DiskImages.framework/Versions/A/DiskImages
0x0000000009acf000 	/System/Library/PrivateFrameworks/LoginUIKit.framework/Versions/A/Frameworks/LoginUICore.framework/Versions/A/LoginUICore
0x0000000009acf000 	/usr/lib/libCoreStorage.dylib
0x0000000009acf000 	/usr/lib/libcsfde.dylib
0x0000000009acf000 	/usr/lib/libodfde.dylib
0x0000000009acf000 	/System/Library/Frameworks/DiscRecording.framework/Versions/A/DiscRecording
0x0000000009acf000 	/usr/lib/libcurl.4.dylib
0x0000000009acf000 	/System/Library/PrivateFrameworks/MediaKit.framework/Versions/A/MediaKit
0x0000000009acf000 	/System/Library/PrivateFrameworks/EFILogin.framework/Versions/A/EFILogin
0x0000000009acf000 	/usr/lib/libutil.dylib
0x0000000009acf000 	/System/Library/PrivateFrameworks/AOSNotification.framework/Versions/A/AOSNotification
0x0000000009acf000 	/System/Library/Frameworks/LDAP.framework/Versions/A/LDAP
0x0000000009acf000 	/usr/lib/libsasl2.2.dylib
0x0000000009acf000 	/usr/lib/libcrypto.0.9.8.dylib
0x0000000009acf000 	/usr/lib/libssl.0.9.8.dylib
0x00000001e343b000 	/Library/Java/JavaVirtualMachines/jdk1.8.0_60.jdk/Contents/Home/jre/lib/libfontmanager.dylib
0x0000000009acf000 	/System/Library/Frameworks/OpenGL.framework/Versions/A/Resources/GLEngine.bundle/GLEngine
0x0000000009acf000 	/System/Library/Frameworks/OpenGL.framework/Versions/A/Libraries/libGLProgrammability.dylib
0x0000000000000000 	/System/Library/Extensions/GeForceTeslaGLDriver.bundle/Contents/MacOS/GeForceTeslaGLDriver
0x00000001e5b53000 	/System/Library/Extensions/GeForceTeslaGLDriver.bundle/Contents/MacOS/libclh.dylib
0x00000001e0633000 	/System/Library/PrivateFrameworks/GPUSupport.framework/Versions/A/Libraries/libGPUSupport.dylib
0x0000000009acf000 	/System/Library/Frameworks/OpenGL.framework/Versions/A/Resources/GLRendererFloat.bundle/GLRendererFloat
0x0000000009acf000 	/System/Library/Frameworks/OpenCL.framework/Versions/A/Libraries/libcldcpuengine.dylib
0x00000001e0444000 	/Library/Java/JavaVirtualMachines/jdk1.8.0_60.jdk/Contents/Home/jre/lib/libnio.dylib
0x00000001e0651000 	/Library/Java/JavaVirtualMachines/jdk1.8.0_60.jdk/Contents/Home/jre/lib/./libnet.dylib
0x00000001e0726000 	/private/var/folders/45/mxkk2qgn7lz7bnrwfh02bmmw0000gn/T/jna/jna1559482134359178461.tmp
0x00000001e0c3b000 	/Users/reiinc/wavery/bleecks/target/base+system+user+dev+try/native/macosx/x86_64/libscsynth.dylib
0x00000001dfe2f000 	/Library/Java/JavaVirtualMachines/jdk1.8.0_60.jdk/Contents/Home/jre/lib/libjsound.dylib
0x00000001e08e3000 	/System/Library/Frameworks/CoreMIDI.framework/Versions/A/CoreMIDI
0x0000000009acf000 	/usr/lib/libexpat.1.dylib
0x00000001dfe00000 	/System/Library/Extensions/AppleHDA.kext/Contents/PlugIns/AppleHDAHALPlugIn.bundle/Contents/MacOS/AppleHDAHALPlugIn
0x00000001e04f2000 	/Library/Java/JavaVirtualMachines/jdk1.8.0_60.jdk/Contents/Home/jre/lib/libmanagement.dylib
0x00000001e045b000 	/Users/reiinc/wavery/bleecks/target/base+system+user+dev+try/native/macosx/x86_64/AmbisonicUGens.scx
0x00000001e0500000 	/Users/reiinc/wavery/bleecks/target/base+system+user+dev+try/native/macosx/x86_64/AtkUGens.scx
0x00000001e060b000 	/Users/reiinc/wavery/bleecks/target/base+system+user+dev+try/native/macosx/x86_64/AY_UGen.scx
0x00000001e0612000 	/Users/reiinc/wavery/bleecks/target/base+system+user+dev+try/native/macosx/x86_64/BatPVUgens.scx
0x00000001e061a000 	/Users/reiinc/wavery/bleecks/target/base+system+user+dev+try/native/macosx/x86_64/BatUGens.scx
0x00000001e061f000 	/Users/reiinc/wavery/bleecks/target/base+system+user+dev+try/native/macosx/x86_64/BBCut2UGens.scx
0x00000001e0705000 	/Users/reiinc/wavery/bleecks/target/base+system+user+dev+try/native/macosx/x86_64/BerlachUGens.scx
0x00000001e0716000 	/Users/reiinc/wavery/bleecks/target/base+system+user+dev+try/native/macosx/x86_64/BetablockerUGens.scx
0x00000001e0863000 	/Users/reiinc/wavery/bleecks/target/base+system+user+dev+try/native/macosx/x86_64/BhobChaos.scx
0x00000001e086e000 	/Users/reiinc/wavery/bleecks/target/base+system+user+dev+try/native/macosx/x86_64/BhobFFT.scx
0x00000001e0946000 	/Users/reiinc/wavery/bleecks/target/base+system+user+dev+try/native/macosx/x86_64/BhobFilt.scx
0x00000001e071e000 	/Users/reiinc/wavery/bleecks/target/base+system+user+dev+try/native/macosx/x86_64/BhobGrain.scx
0x00000001e0958000 	/Users/reiinc/wavery/bleecks/target/base+system+user+dev+try/native/macosx/x86_64/BhobNoise.scx
0x00000001e09ed000 	/Users/reiinc/wavery/bleecks/target/base+system+user+dev+try/native/macosx/x86_64/BinaryOpUGens.scx
0x00000001e0627000 	/Users/reiinc/wavery/bleecks/target/base+system+user+dev+try/native/macosx/x86_64/BlackrainUGens.scx
0x00000001e0961000 	/Users/reiinc/wavery/bleecks/target/base+system+user+dev+try/native/macosx/x86_64/ChaosUGens.scx
0x00000001e07cf000 	/Users/reiinc/wavery/bleecks/target/base+system+user+dev+try/native/macosx/x86_64/Concat.scx
0x00000001e0a16000 	/Users/reiinc/wavery/bleecks/target/base+system+user+dev+try/native/macosx/x86_64/DelayUGens.scx
0x00000001e09c2000 	/Users/reiinc/wavery/bleecks/target/base+system+user+dev+try/native/macosx/x86_64/DemandUGens.scx
0x00000001e0a86000 	/Users/reiinc/wavery/bleecks/target/base+system+user+dev+try/native/macosx/x86_64/DiskIO_UGens.scx
0x00000001e068f000 	/Users/reiinc/wavery/bleecks/target/base+system+user+dev+try/native/macosx/x86_64/DistortionUGens.scx
0x00000001e096a000 	/Users/reiinc/wavery/bleecks/target/base+system+user+dev+try/native/macosx/x86_64/DynNoiseUGens.scx
0x00000001e0d80000 	/Users/reiinc/wavery/bleecks/target/base+system+user+dev+try/native/macosx/x86_64/FFT_UGens.scx
0x00000001e12a7000 	/Users/reiinc/wavery/bleecks/target/base+system+user+dev+try/native/macosx/x86_64/FilterUGens.scx
0x00000001e0afc000 	/Users/reiinc/wavery/bleecks/target/base+system+user+dev+try/native/macosx/x86_64/GendynUGens.scx
0x00000001e0b01000 	/Users/reiinc/wavery/bleecks/target/base+system+user+dev+try/native/macosx/x86_64/GlitchUGens.scx
0x00000001e13fd000 	/Users/reiinc/wavery/bleecks/target/base+system+user+dev+try/native/macosx/x86_64/GrainUGens.scx
0x00000001e0dc0000 	/Users/reiinc/wavery/bleecks/target/base+system+user+dev+try/native/macosx/x86_64/IOUGens.scx
0x00000001e1327000 	/Users/reiinc/wavery/bleecks/target/base+system+user+dev+try/native/macosx/x86_64/JoshAmbiUGens.scx
0x00000001e14a1000 	/Users/reiinc/wavery/bleecks/target/base+system+user+dev+try/native/macosx/x86_64/JoshGrainUGens.scx
0x00000001e6c7c000 	/Users/reiinc/wavery/bleecks/target/base+system+user+dev+try/native/macosx/x86_64/JoshPVUGens.scx
0x00000001e73b8000 	/Users/reiinc/wavery/bleecks/target/base+system+user+dev+try/native/macosx/x86_64/JoshUGens.scx
0x00000001e12c3000 	/Users/reiinc/wavery/bleecks/target/base+system+user+dev+try/native/macosx/x86_64/KeyboardUGens.scx
0x00000001e0a41000 	/Users/reiinc/wavery/bleecks/target/base+system+user+dev+try/native/macosx/x86_64/LadspaUGen.scx
0x00000001e1aa9000 	/Users/reiinc/wavery/bleecks/target/base+system+user+dev+try/native/macosx/x86_64/LFUGens.scx
0x00000001e1334000 	/Users/reiinc/wavery/bleecks/target/base+system+user+dev+try/native/macosx/x86_64/LoopBuf.scx
0x00000001e1410000 	/Users/reiinc/wavery/bleecks/target/base+system+user+dev+try/native/macosx/x86_64/MCLDBufferUGens.scx
0x00000001e351a000 	/Users/reiinc/wavery/bleecks/target/base+system+user+dev+try/native/macosx/x86_64/MCLDCepstrumUGens.scx
0x00000001e1415000 	/Users/reiinc/wavery/bleecks/target/base+system+user+dev+try/native/macosx/x86_64/MCLDChaosUGens.scx
0x00000001e1931000 	/Users/reiinc/wavery/bleecks/target/base+system+user+dev+try/native/macosx/x86_64/MCLDDistortionUGens.scx
0x00000001e6f47000 	/Users/reiinc/wavery/bleecks/target/base+system+user+dev+try/native/macosx/x86_64/MCLDFFTUGens.scx
0x00000001e352a000 	/Users/reiinc/wavery/bleecks/target/base+system+user+dev+try/native/macosx/x86_64/MCLDFilterUGens.scx
0x00000001e5a48000 	/Users/reiinc/wavery/bleecks/target/base+system+user+dev+try/native/macosx/x86_64/MCLDGetenvUGen.scx
0x00000001e5a4c000 	/Users/reiinc/wavery/bleecks/target/base+system+user+dev+try/native/macosx/x86_64/MCLDOscUGens.scx
0x00000001e6c99000 	/Users/reiinc/wavery/bleecks/target/base+system+user+dev+try/native/macosx/x86_64/MCLDPollUGens.scx
0x00000001e73d2000 	/Users/reiinc/wavery/bleecks/target/base+system+user+dev+try/native/macosx/x86_64/MCLDSOMUGens.scx
0x00000001e73d8000 	/Users/reiinc/wavery/bleecks/target/base+system+user+dev+try/native/macosx/x86_64/MCLDTreeUGens.scx
0x00000001e6c9d000 	/Users/reiinc/wavery/bleecks/target/base+system+user+dev+try/native/macosx/x86_64/MCLDTriggeredStatsUgens.scx
0x00000001e8cb1000 	/Users/reiinc/wavery/bleecks/target/base+system+user+dev+try/native/macosx/x86_64/MdaUGens.scx
0x00000001e73dd000 	/Users/reiinc/wavery/bleecks/target/base+system+user+dev+try/native/macosx/x86_64/MembraneUGens.scx
0x00000001e7687000 	/Users/reiinc/wavery/bleecks/target/base+system+user+dev+try/native/macosx/x86_64/ML_UGens.scx
0x00000001e793d000 	/Users/reiinc/wavery/bleecks/target/base+system+user+dev+try/native/macosx/x86_64/MouseUGens.scx
0x00000001e7d13000 	/Users/reiinc/wavery/bleecks/target/base+system+user+dev+try/native/macosx/x86_64/MulAddUGens.scx
0x00000001e80f1000 	/Users/reiinc/wavery/bleecks/target/base+system+user+dev+try/native/macosx/x86_64/NCAnalysisUGens.scx
0x00000001e7d1a000 	/Users/reiinc/wavery/bleecks/target/base+system+user+dev+try/native/macosx/x86_64/NoiseUGens.scx
0x00000001e8110000 	/Users/reiinc/wavery/bleecks/target/base+system+user+dev+try/native/macosx/x86_64/OscUGens.scx
0x00000001e8120000 	/Users/reiinc/wavery/bleecks/target/base+system+user+dev+try/native/macosx/x86_64/PanUGens.scx
0x00000001e7943000 	/Users/reiinc/wavery/bleecks/target/base+system+user+dev+try/native/macosx/x86_64/PhysicalModelingUGens.scx
0x00000001e8129000 	/Users/reiinc/wavery/bleecks/target/base+system+user+dev+try/native/macosx/x86_64/PitchDetection.scx
0x00000001e82dc000 	/Users/reiinc/wavery/bleecks/target/base+system+user+dev+try/native/macosx/x86_64/PV_ThirdParty.scx
0x00000001e13bc000 	/Users/reiinc/wavery/bleecks/target/base+system+user+dev+try/native/macosx/x86_64/ReverbUGens.scx
0x00000001e13c4000 	/Users/reiinc/wavery/bleecks/target/base+system+user+dev+try/native/macosx/x86_64/RFWUGens.scx
0x00000001e13c8000 	/Users/reiinc/wavery/bleecks/target/base+system+user+dev+try/native/macosx/x86_64/RMEQSuite.scx
0x00000001e13d0000 	/Users/reiinc/wavery/bleecks/target/base+system+user+dev+try/native/macosx/x86_64/SLUGens.scx
0x00000001e9441000 	/Users/reiinc/wavery/bleecks/target/base+system+user+dev+try/native/macosx/x86_64/StkUGens.scx
0x00000001e13df000 	/Users/reiinc/wavery/bleecks/target/base+system+user+dev+try/native/macosx/x86_64/SummerUGens.scx
0x00000001e13e4000 	/Users/reiinc/wavery/bleecks/target/base+system+user+dev+try/native/macosx/x86_64/TagSystemUgens.scx
0x00000001e13ea000 	/Users/reiinc/wavery/bleecks/target/base+system+user+dev+try/native/macosx/x86_64/TestUGens.scx
0x00000001e13ee000 	/Users/reiinc/wavery/bleecks/target/base+system+user+dev+try/native/macosx/x86_64/TJUGens.scx
0x00000001e8130000 	/Users/reiinc/wavery/bleecks/target/base+system+user+dev+try/native/macosx/x86_64/TriggerUGens.scx
0x00000001e82f0000 	/Users/reiinc/wavery/bleecks/target/base+system+user+dev+try/native/macosx/x86_64/UnaryOpUGens.scx
0x00000001e8306000 	/Users/reiinc/wavery/bleecks/target/base+system+user+dev+try/native/macosx/x86_64/UnpackFFTUGens.scx
0x00000001e7d21000 	/Users/reiinc/wavery/bleecks/target/base+system+user+dev+try/native/macosx/x86_64/VBAP.scx
0x00000001e13f8000 	/Users/reiinc/wavery/bleecks/target/base+system+user+dev+try/native/macosx/x86_64/VOSIM.scx

VM Arguments:
jvm_args: -Dfile.encoding=UTF-8 -Dclojure.compile.path=/Users/reiinc/wavery/bleecks/target/base+system+user+dev+try/classes -Dbleecks.version=0.1.0-SNAPSHOT -Dclojure.debug=false -Djava.library.path=/Users/reiinc/wavery/bleecks/target/base+system+user+dev+try/native/macosx/x86_64 
java_command: clojure.main -i /private/var/folders/45/mxkk2qgn7lz7bnrwfh02bmmw0000gn/T/form-init1500446609779083387.clj
java_class_path (initial): /Users/reiinc/wavery/bleecks/test:/Users/reiinc/wavery/bleecks/src:/Users/reiinc/wavery/bleecks/dev-resources:/Users/reiinc/wavery/bleecks/resources:/Users/reiinc/wavery/bleecks/target/base+system+user+dev+try/classes:/Users/reiinc/.m2/repository/clojure-complete/clojure-complete/0.2.3/clojure-complete-0.2.3.jar:/Users/reiinc/.m2/repository/overtone/scsynth-extras/3.5.7.0/scsynth-extras-3.5.7.0.jar:/Users/reiinc/.m2/repository/net/java/dev/jna/jna/3.4.0/jna-3.4.0.jar:/Users/reiinc/.m2/repository/overtone/at-at/1.2.0/at-at-1.2.0.jar:/Users/reiinc/.m2/repository/overtone/byte-spec/0.3.1/byte-spec-0.3.1.jar:/Users/reiinc/.m2/repository/overtone/osc-clj/0.9.0/osc-clj-0.9.0.jar:/Users/reiinc/.m2/repository/overtone/libs.handlers/0.2.0/libs.handlers-0.2.0.jar:/Users/reiinc/.m2/repository/org/clojure/clojure/1.7.0/clojure-1.7.0.jar:/Users/reiinc/.m2/repository/overtone/scsynth/3.5.7.0/scsynth-3.5.7.0.jar:/Users/reiinc/.m2/repository/commons-net/commons-net/3.0.1/commons-net-3.0.1.jar:/Users/reiinc/.m2/repository/javax/jmdns/jmdns/3.4.1/jmdns-3.4.1.jar:/Users/reiinc/.m2/repository/clj-glob/clj-glob/1.0.0/clj-glob-1.0.0.jar:/Users/reiinc/.m2/repository/overtone/overtone/0.9.1/overtone-0.9.1.jar:/Users/reiinc/.m2/repository/overtone/midi-clj/0.5.0/midi-clj-0.5.0.jar:/Users/reiinc/.m2/repository/org/clojure/tools.nrepl/0.2.10/tools.nrepl-0.2.10.jar:/Users/reiinc/.m2/repository/org/clojure/data.json/0.2.3/data.json-0.2.3.jar:/Users/reiinc/.m2/repository/clj-native/clj-native/0.9.3/clj-native-0.9.3.jar
Launcher Type: SUN_STANDARD

Environment Variables:
PATH=/usr/bin:/bin:/usr/sbin:/sbin:/usr/local/bin
SHELL=/bin/bash

Signal Handlers:
SIGSEGV: [libjvm.dylib+0x5a6d31], sa_mask[0]=11111111011111110111111111111111, sa_flags=SA_ONSTACK|SA_RESTART|SA_SIGINFO
SIGBUS: [libjvm.dylib+0x5a6d31], sa_mask[0]=11111111011111110111111111111111, sa_flags=SA_RESTART|SA_SIGINFO
SIGFPE: [libjvm.dylib+0x480a4c], sa_mask[0]=11111111011111110111111111111111, sa_flags=SA_RESTART|SA_SIGINFO
SIGPIPE: [libjvm.dylib+0x480a4c], sa_mask[0]=11111111011111110111111111111111, sa_flags=SA_RESTART|SA_SIGINFO
SIGXFSZ: [libjvm.dylib+0x480a4c], sa_mask[0]=11111111011111110111111111111111, sa_flags=SA_RESTART|SA_SIGINFO
SIGILL: [libjvm.dylib+0x480a4c], sa_mask[0]=11111111011111110111111111111111, sa_flags=SA_RESTART|SA_SIGINFO
SIGUSR1: SIG_DFL, sa_mask[0]=11011111011111100000000111000110, sa_flags=none
SIGUSR2: [libjvm.dylib+0x48056a], sa_mask[0]=00100000000000000000000000000000, sa_flags=SA_RESTART|SA_SIGINFO
SIGHUP: [libjvm.dylib+0x47eb41], sa_mask[0]=11111111011111110111111111111111, sa_flags=SA_RESTART|SA_SIGINFO
SIGINT: [libjvm.dylib+0x47eb41], sa_mask[0]=11111111011111110111111111111111, sa_flags=SA_RESTART|SA_SIGINFO
SIGTERM: [libjvm.dylib+0x47eb41], sa_mask[0]=11111111011111110111111111111111, sa_flags=SA_RESTART|SA_SIGINFO
SIGQUIT: [libjvm.dylib+0x47eb41], sa_mask[0]=11111111011111110111111111111111, sa_flags=SA_RESTART|SA_SIGINFO


---------------  S Y S T E M  ---------------

OS:Bsduname:Darwin 13.4.0 Darwin Kernel Version 13.4.0: Sun Aug 17 19:50:11 PDT 2014; root:xnu-2422.115.4~1/RELEASE_X86_64 x86_64
rlimit: STACK 8192k, CORE 0k, NPROC 709, NOFILE 10240, AS infinity
load average:3,86 2,48 1,30

CPU:total 2 (2 cores per cpu, 1 threads per core) family 6 model 23 stepping 10, cmov, cx8, fxsr, mmx, sse, sse2, sse3, ssse3, sse4.1, tsc

Memory: 4k page, physical 8388608k(3167868k free)

/proc/meminfo:


vm_info: Java HotSpot(TM) 64-Bit Server VM (25.60-b23) for bsd-amd64 JRE (1.8.0_60-b27), built on Aug  4 2015 10:47:24 by "java_re" with gcc 4.2.1 (Based on Apple Inc. build 5658) (LLVM build 2336.11.00)

time: Sat Aug 29 01:02:59 2015
elapsed time: 17 seconds (0d 0h 0m 17s)

